2026-02-14 17:05:39,797 | INFO | Movido: C:\Users\guiga\Downloads\Outros\.DS_Store_1_1 -> C:\Users\guiga\Downloads\Outros\.DS_Store_1_1_1
2026-02-14 17:05:39,797 | INFO | Movido: C:\Users\guiga\Downloads\Outros\.gitignore_1_1 -> C:\Users\guiga\Downloads\Outros\.gitignore_1_1_1
2026-02-14 17:05:39,797 | INFO | Movido: C:\Users\guiga\Downloads\Outros\.pdf_1_1 -> C:\Users\guiga\Downloads\Outros\.pdf_1_1_1
2026-02-14 17:05:39,805 | INFO | Movido: C:\Users\guiga\Downloads\Outros\03_Contexto_Filtro_Linha_1_1.pbix -> C:\Users\guiga\Downloads\Outros\03_Contexto_Filtro_Linha_1_1_1.pbix
2026-02-14 17:05:39,805 | INFO | Movido: C:\Users\guiga\Downloads\Outros\04_plt_mudando_esquema_cores_parte2 (1)_1_1_1_1.ipynb -> C:\Users\guiga\Downloads\Outros\04_plt_mudando_esquema_cores_parte2 (1)_1_1_1_1_1.ipynb
2026-02-14 17:05:39,805 | INFO | Movido: C:\Users\guiga\Downloads\Outros\08.04.01 Exercícios de For_1_1_1_1.ipynb -> C:\Users\guiga\Downloads\Outros\08.04.01 Exercícios de For_1_1_1_1_1.ipynb
2026-02-14 17:05:39,805 | INFO | Movido: C:\Users\guiga\Downloads\Outros\1010468942453150_1_1 -> C:\Users\guiga\Downloads\Outros\1010468942453150_1_1_1
2026-02-14 17:05:39,810 | INFO | Movido: C:\Users\guiga\Downloads\Outros\20_Acumulados_1_1.pbix -> C:\Users\guiga\Downloads\Outros\20_Acumulados_1_1_1.pbix
2026-02-14 17:05:39,810 | INFO | Movido: C:\Users\guiga\Downloads\Outros\2582115f0984fc57da5316ad1c79d7b4_1_1_1_1.torrent -> C:\Users\guiga\Downloads\Outros\2582115f0984fc57da5316ad1c79d7b4_1_1_1_1_1.torrent
2026-02-14 17:05:39,813 | INFO | Movido: C:\Users\guiga\Downloads\Outros\299242133963323_1_1 -> C:\Users\guiga\Downloads\Outros\299242133963323_1_1_1
2026-02-14 17:05:39,816 | INFO | Movido: C:\Users\guiga\Downloads\Outros\35_Ranking_Desempates_1_1.pbix -> C:\Users\guiga\Downloads\Outros\35_Ranking_Desempates_1_1_1.pbix
2026-02-14 17:05:39,818 | INFO | Movido: C:\Users\guiga\Downloads\Outros\36e2b7b82ba6f8dee4647560baaca128.js_1_1.transferir -> C:\Users\guiga\Downloads\Outros\36e2b7b82ba6f8dee4647560baaca128.js_1_1_1.transferir
2026-02-14 17:05:39,820 | INFO | Movido: C:\Users\guiga\Downloads\Outros\42240540448522000175550060000316091001588459_1_1_1_1.xml -> C:\Users\guiga\Downloads\Outros\42240540448522000175550060000316091001588459_1_1_1_1_1.xml
2026-02-14 17:05:39,824 | INFO | Movido: C:\Users\guiga\Downloads\Outros\6286795c-a51f-44b7-beca-c5918f2b523b_1_1_1_1.tmp -> C:\Users\guiga\Downloads\Outros\6286795c-a51f-44b7-beca-c5918f2b523b_1_1_1_1_1.tmp
2026-02-14 17:05:39,826 | INFO | Movido: C:\Users\guiga\Downloads\Outros\a6efa98a5b61b3e3086420dffb1e73fb_1_1.css -> C:\Users\guiga\Downloads\Outros\a6efa98a5b61b3e3086420dffb1e73fb_1_1_1.css
2026-02-14 17:05:39,827 | INFO | Movido: C:\Users\guiga\Downloads\Outros\Analise-Inicial_1_1_1_1.ipynb -> C:\Users\guiga\Downloads\Outros\Analise-Inicial_1_1_1_1_1.ipynb
2026-02-14 17:05:39,830 | INFO | Movido: C:\Users\guiga\Downloads\Outros\Analysis-00_1_1_1.toc -> C:\Users\guiga\Downloads\Outros\Analysis-00_1_1_1_1.toc
2026-02-14 17:05:39,832 | INFO | Movido: C:\Users\guiga\Downloads\Outros\Analysis-00_2_1.toc -> C:\Users\guiga\Downloads\Outros\Analysis-00_2_1_1.toc
2026-02-14 17:05:39,834 | INFO | Movido: C:\Users\guiga\Downloads\Outros\analytics.js_1_1.transferir -> C:\Users\guiga\Downloads\Outros\analytics.js_1_1_1.transferir
2026-02-14 17:05:39,836 | INFO | Movido: C:\Users\guiga\Downloads\Outros\app-a982e2acc08d8ca64e10_1_1.css -> C:\Users\guiga\Downloads\Outros\app-a982e2acc08d8ca64e10_1_1_1.css
2026-02-14 17:05:39,836 | INFO | Movido: C:\Users\guiga\Downloads\Outros\app.9075d296a89272dc07c0.js_1_1.download -> C:\Users\guiga\Downloads\Outros\app.9075d296a89272dc07c0.js_1_1_1.download
2026-02-14 17:05:39,836 | INFO | Movido: C:\Users\guiga\Downloads\Outros\AppAnalyze_1_1_1.dll -> C:\Users\guiga\Downloads\Outros\AppAnalyze_1_1_1_1.dll
2026-02-14 17:05:39,836 | INFO | Movido: C:\Users\guiga\Downloads\Outros\AppAnalyze_2_1.dll -> C:\Users\guiga\Downloads\Outros\AppAnalyze_2_1_1.dll
2026-02-14 17:05:39,836 | INFO | Movido: C:\Users\guiga\Downloads\Outros\Application_1_1.ini -> C:\Users\guiga\Downloads\Outros\Application_1_1_1.ini
2026-02-14 17:05:39,846 | INFO | Movido: C:\Users\guiga\Downloads\Outros\AppSettingData_1_1.ini -> C:\Users\guiga\Downloads\Outros\AppSettingData_1_1_1.ini
2026-02-14 17:05:39,849 | INFO | Movido: C:\Users\guiga\Downloads\Outros\Aprendendo padrões de projeto em Python -- Chetan Giridhar -- 2020 -- Novatec Editora -- fbca94b27429477dd987ff89117e66ff -- Anna’s Archive_1_1_1_1.epub -> C:\Users\guiga\Downloads\Outros\Aprendendo padrões de projeto em Python -- Chetan Giridhar -- 2020 -- Novatec Editora -- fbca94b27429477dd987ff89117e66ff -- Anna’s Archive_1_1_1_1_1.epub
2026-02-14 17:05:39,851 | INFO | Movido: C:\Users\guiga\Downloads\Outros\Arquitetura Limpa - O Guia do Artesão para Estrutura e -- Robert C_ Martin -- 2019 -- Alta Books Editora -- 9788550804002 -- 0bc6969ad1129eed85c07a20d25a8e42 -- Anna’s Archive (1)_1_1_1_1.epub -> C:\Users\guiga\Downloads\Outros\Arquitetura Limpa - O Guia do Artesão para Estrutura e -- Robert C_ Martin -- 2019 -- Alta Books Editora -- 9788550804002 -- 0bc6969ad1129eed85c07a20d25a8e42 -- Anna’s Archive (1)_1_1_1_1_1.epub
2026-02-14 17:05:39,855 | INFO | Movido: C:\Users\guiga\Downloads\Outros\Arquitetura Limpa - O Guia do Artesão para Estrutura e -- Robert C_ Martin -- 2019 -- Alta Books Editora -- 9788550804002 -- 0bc6969ad1129eed85c07a20d25a8e42 -- Anna’s Archive_1_1_1_1.epub -> C:\Users\guiga\Downloads\Outros\Arquitetura Limpa - O Guia do Artesão para Estrutura e -- Robert C_ Martin -- 2019 -- Alta Books Editora -- 9788550804002 -- 0bc6969ad1129eed85c07a20d25a8e42 -- Anna’s Archive_1_1_1_1_1.epub
2026-02-14 17:05:39,857 | INFO | Movido: C:\Users\guiga\Downloads\Outros\Arquivo Inicial - Python e Excel_1_1_1_1.ipynb -> C:\Users\guiga\Downloads\Outros\Arquivo Inicial - Python e Excel_1_1_1_1_1.ipynb
2026-02-14 17:05:39,859 | INFO | Movido: C:\Users\guiga\Downloads\Outros\ArquivoInicial- Printscreen com Selenium_1_1_1_1.ipynb -> C:\Users\guiga\Downloads\Outros\ArquivoInicial- Printscreen com Selenium_1_1_1_1_1.ipynb
2026-02-14 17:05:39,860 | INFO | Movido: C:\Users\guiga\Downloads\Outros\AsyncAwaitBestPractices.MVVM_1_1_1_1.dll -> C:\Users\guiga\Downloads\Outros\AsyncAwaitBestPractices.MVVM_1_1_1_1_1.dll
2026-02-14 17:05:39,868 | INFO | Movido: C:\Users\guiga\Downloads\Outros\AsyncAwaitBestPractices_1_1_1_1.dll -> C:\Users\guiga\Downloads\Outros\AsyncAwaitBestPractices_1_1_1_1_1.dll
2026-02-14 17:05:39,870 | INFO | Movido: C:\Users\guiga\Downloads\Outros\Aula+01+-+Python+para+Data+Science_1_1_1_1.ipynb -> C:\Users\guiga\Downloads\Outros\Aula+01+-+Python+para+Data+Science_1_1_1_1_1.ipynb
2026-02-14 17:05:39,873 | INFO | Movido: C:\Users\guiga\Downloads\Outros\Autofac_1_1_1_1.dll -> C:\Users\guiga\Downloads\Outros\Autofac_1_1_1_1_1.dll
2026-02-14 17:05:39,875 | INFO | Movido: C:\Users\guiga\Downloads\Outros\AUTORUN_1_1.INF -> C:\Users\guiga\Downloads\Outros\AUTORUN_1_1_1.INF
2026-02-14 17:05:39,878 | INFO | Movido: C:\Users\guiga\Downloads\Outros\bower_1_1.json -> C:\Users\guiga\Downloads\Outros\bower_1_1_1.json
2026-02-14 17:05:39,880 | INFO | Movido: C:\Users\guiga\Downloads\Outros\CCL_1_1.dll -> C:\Users\guiga\Downloads\Outros\CCL_1_1_1.dll
2026-02-14 17:05:39,882 | INFO | Movido: C:\Users\guiga\Downloads\Outros\CD-1801-000126_win_cd_1_1.xml -> C:\Users\guiga\Downloads\Outros\CD-1801-000126_win_cd_1_1_1.xml
2026-02-14 17:05:39,885 | INFO | Movido: C:\Users\guiga\Downloads\Outros\charlie-brown-jr-eu-protesto_1_1_1_1.gp4 -> C:\Users\guiga\Downloads\Outros\charlie-brown-jr-eu-protesto_1_1_1_1_1.gp4
2026-02-14 17:05:39,888 | INFO | Movido: C:\Users\guiga\Downloads\Outros\CHECKSUM_1_1_1 -> C:\Users\guiga\Downloads\Outros\CHECKSUM_1_1_1_1
2026-02-14 17:05:39,891 | INFO | Movido: C:\Users\guiga\Downloads\Outros\CHECKSUM_2_1_1 -> C:\Users\guiga\Downloads\Outros\CHECKSUM_2_1_1_1
2026-02-14 17:05:39,893 | INFO | Movido: C:\Users\guiga\Downloads\Outros\CHECKSUM_3_1 -> C:\Users\guiga\Downloads\Outros\CHECKSUM_3_1_1
2026-02-14 17:05:39,895 | INFO | Movido: C:\Users\guiga\Downloads\Outros\chicletSlicer.ChicletSlicer1448559807354.2.0.5.0_1_1_1_1.pbix -> C:\Users\guiga\Downloads\Outros\chicletSlicer.ChicletSlicer1448559807354.2.0.5.0_1_1_1_1_1.pbix
2026-02-14 17:05:39,899 | INFO | Movido: C:\Users\guiga\Downloads\Outros\client-app-JQ4Q3S7D.js_1_1.download -> C:\Users\guiga\Downloads\Outros\client-app-JQ4Q3S7D.js_1_1_1.download
2026-02-14 17:05:39,902 | INFO | Movido: C:\Users\guiga\Downloads\Outros\CN1MPU6_1_1.dll -> C:\Users\guiga\Downloads\Outros\CN1MPU6_1_1_1.dll
2026-02-14 17:05:39,904 | INFO | Movido: C:\Users\guiga\Downloads\Outros\CN1MPU_1_1.dll -> C:\Users\guiga\Downloads\Outros\CN1MPU_1_1_1.dll
2026-02-14 17:05:39,908 | INFO | Movido: C:\Users\guiga\Downloads\Outros\CN2MPU6_1_1.dll -> C:\Users\guiga\Downloads\Outros\CN2MPU6_1_1_1.dll
2026-02-14 17:05:39,911 | INFO | Movido: C:\Users\guiga\Downloads\Outros\CN2MPU_1_1.dll -> C:\Users\guiga\Downloads\Outros\CN2MPU_1_1_1.dll
2026-02-14 17:05:39,914 | INFO | Movido: C:\Users\guiga\Downloads\Outros\cnclxml6_1_1.dll -> C:\Users\guiga\Downloads\Outros\cnclxml6_1_1_1.dll
2026-02-14 17:05:39,916 | INFO | Movido: C:\Users\guiga\Downloads\Outros\cnclxml_1_1.dll -> C:\Users\guiga\Downloads\Outros\cnclxml_1_1_1.dll
2026-02-14 17:05:39,918 | INFO | Movido: C:\Users\guiga\Downloads\Outros\cnmpu2_1_1_1.dll -> C:\Users\guiga\Downloads\Outros\cnmpu2_1_1_1_1.dll
2026-02-14 17:05:39,920 | INFO | Movido: C:\Users\guiga\Downloads\Outros\cnmpu2_2_1.dll -> C:\Users\guiga\Downloads\Outros\cnmpu2_2_1_1.dll
2026-02-14 17:05:39,922 | INFO | Movido: C:\Users\guiga\Downloads\Outros\cnmpu3_1_1_1.dll -> C:\Users\guiga\Downloads\Outros\cnmpu3_1_1_1_1.dll
2026-02-14 17:05:39,925 | INFO | Movido: C:\Users\guiga\Downloads\Outros\cnmpu3_2_1.dll -> C:\Users\guiga\Downloads\Outros\cnmpu3_2_1_1.dll
2026-02-14 17:05:39,927 | INFO | Movido: C:\Users\guiga\Downloads\Outros\cnmpu_1_1_1.dll -> C:\Users\guiga\Downloads\Outros\cnmpu_1_1_1_1.dll
2026-02-14 17:05:39,931 | INFO | Movido: C:\Users\guiga\Downloads\Outros\cnmpu_2_1.dll -> C:\Users\guiga\Downloads\Outros\cnmpu_2_1_1.dll
2026-02-14 17:05:39,933 | INFO | Movido: C:\Users\guiga\Downloads\Outros\cnwhdl6_1_1.dll -> C:\Users\guiga\Downloads\Outros\cnwhdl6_1_1_1.dll
2026-02-14 17:05:39,935 | INFO | Movido: C:\Users\guiga\Downloads\Outros\cnwhdl_1_1.dll -> C:\Users\guiga\Downloads\Outros\cnwhdl_1_1_1.dll
2026-02-14 17:05:39,937 | INFO | Movido: C:\Users\guiga\Downloads\Outros\cnwidcn_1_1.ini -> C:\Users\guiga\Downloads\Outros\cnwidcn_1_1_1.ini
2026-02-14 17:05:39,940 | INFO | Movido: C:\Users\guiga\Downloads\Outros\cnwidif6_1_1.dll -> C:\Users\guiga\Downloads\Outros\cnwidif6_1_1_1.dll
2026-02-14 17:05:39,942 | INFO | Movido: C:\Users\guiga\Downloads\Outros\cnwidif_1_1.dll -> C:\Users\guiga\Downloads\Outros\cnwidif_1_1_1.dll
2026-02-14 17:05:39,943 | INFO | Movido: C:\Users\guiga\Downloads\Outros\cnwidsd6_1_1.dll -> C:\Users\guiga\Downloads\Outros\cnwidsd6_1_1_1.dll
2026-02-14 17:05:39,946 | INFO | Movido: C:\Users\guiga\Downloads\Outros\cnwidsd_1_1.dll -> C:\Users\guiga\Downloads\Outros\cnwidsd_1_1_1.dll
2026-02-14 17:05:39,948 | INFO | Movido: C:\Users\guiga\Downloads\Outros\cnwidss6_1_1.dll -> C:\Users\guiga\Downloads\Outros\cnwidss6_1_1_1.dll
2026-02-14 17:05:39,950 | INFO | Movido: C:\Users\guiga\Downloads\Outros\cnwidss_1_1.dll -> C:\Users\guiga\Downloads\Outros\cnwidss_1_1_1.dll
2026-02-14 17:05:39,952 | INFO | Movido: C:\Users\guiga\Downloads\Outros\cnwiduns6_1_1.dll -> C:\Users\guiga\Downloads\Outros\cnwiduns6_1_1_1.dll
2026-02-14 17:05:39,955 | INFO | Movido: C:\Users\guiga\Downloads\Outros\cnwiduns_1_1.dll -> C:\Users\guiga\Downloads\Outros\cnwiduns_1_1_1.dll
2026-02-14 17:05:39,958 | INFO | Movido: C:\Users\guiga\Downloads\Outros\cnwidus6_1_1.dll -> C:\Users\guiga\Downloads\Outros\cnwidus6_1_1_1.dll
2026-02-14 17:05:39,959 | INFO | Movido: C:\Users\guiga\Downloads\Outros\cnwidus_1_1.dll -> C:\Users\guiga\Downloads\Outros\cnwidus_1_1_1.dll
2026-02-14 17:05:39,978 | INFO | Movido: C:\Users\guiga\Downloads\Outros\cnwidwus6_1_1.dll -> C:\Users\guiga\Downloads\Outros\cnwidwus6_1_1_1.dll
2026-02-14 17:05:39,981 | INFO | Movido: C:\Users\guiga\Downloads\Outros\cnwidwus_1_1.dll -> C:\Users\guiga\Downloads\Outros\cnwidwus_1_1_1.dll
2026-02-14 17:05:39,983 | INFO | Movido: C:\Users\guiga\Downloads\Outros\cnwiius6_1_1.dll -> C:\Users\guiga\Downloads\Outros\cnwiius6_1_1_1.dll
2026-02-14 17:05:39,985 | INFO | Movido: C:\Users\guiga\Downloads\Outros\cnwiius_1_1.dll -> C:\Users\guiga\Downloads\Outros\cnwiius_1_1_1.dll
2026-02-14 17:05:39,987 | INFO | Movido: C:\Users\guiga\Downloads\Outros\COLLECT-00_1_1_1.toc -> C:\Users\guiga\Downloads\Outros\COLLECT-00_1_1_1_1.toc
2026-02-14 17:05:39,988 | INFO | Movido: C:\Users\guiga\Downloads\Outros\COLLECT-00_2_1.toc -> C:\Users\guiga\Downloads\Outros\COLLECT-00_2_1_1.toc
2026-02-14 17:05:39,991 | INFO | Movido: C:\Users\guiga\Downloads\Outros\combo(1)_1_1 -> C:\Users\guiga\Downloads\Outros\combo(1)_1_1_1
2026-02-14 17:05:39,992 | INFO | Movido: C:\Users\guiga\Downloads\Outros\combo(10)_1_1 -> C:\Users\guiga\Downloads\Outros\combo(10)_1_1_1
2026-02-14 17:05:39,994 | INFO | Movido: C:\Users\guiga\Downloads\Outros\combo(100)_1_1 -> C:\Users\guiga\Downloads\Outros\combo(100)_1_1_1
2026-02-14 17:05:39,995 | INFO | Movido: C:\Users\guiga\Downloads\Outros\combo(101)_1_1 -> C:\Users\guiga\Downloads\Outros\combo(101)_1_1_1
2026-02-14 17:05:39,998 | INFO | Movido: C:\Users\guiga\Downloads\Outros\combo(102)_1_1 -> C:\Users\guiga\Downloads\Outros\combo(102)_1_1_1
2026-02-14 17:05:39,999 | INFO | Movido: C:\Users\guiga\Downloads\Outros\combo(103)_1_1 -> C:\Users\guiga\Downloads\Outros\combo(103)_1_1_1
2026-02-14 17:05:40,001 | INFO | Movido: C:\Users\guiga\Downloads\Outros\combo(104)_1_1 -> C:\Users\guiga\Downloads\Outros\combo(104)_1_1_1
2026-02-14 17:05:40,003 | INFO | Movido: C:\Users\guiga\Downloads\Outros\combo(105)_1_1 -> C:\Users\guiga\Downloads\Outros\combo(105)_1_1_1
2026-02-14 17:05:40,005 | INFO | Movido: C:\Users\guiga\Downloads\Outros\combo(106)_1_1 -> C:\Users\guiga\Downloads\Outros\combo(106)_1_1_1
2026-02-14 17:05:40,006 | INFO | Movido: C:\Users\guiga\Downloads\Outros\combo(107)_1_1 -> C:\Users\guiga\Downloads\Outros\combo(107)_1_1_1
2026-02-14 17:05:40,009 | INFO | Movido: C:\Users\guiga\Downloads\Outros\combo(108)_1_1 -> C:\Users\guiga\Downloads\Outros\combo(108)_1_1_1
2026-02-14 17:05:40,010 | INFO | Movido: C:\Users\guiga\Downloads\Outros\combo(11)_1_1 -> C:\Users\guiga\Downloads\Outros\combo(11)_1_1_1
2026-02-14 17:05:40,012 | INFO | Movido: C:\Users\guiga\Downloads\Outros\combo(12)_1_1 -> C:\Users\guiga\Downloads\Outros\combo(12)_1_1_1
2026-02-14 17:05:40,013 | INFO | Movido: C:\Users\guiga\Downloads\Outros\combo(13)_1_1 -> C:\Users\guiga\Downloads\Outros\combo(13)_1_1_1
2026-02-14 17:05:40,015 | INFO | Movido: C:\Users\guiga\Downloads\Outros\combo(14)_1_1 -> C:\Users\guiga\Downloads\Outros\combo(14)_1_1_1
2026-02-14 17:05:40,016 | INFO | Movido: C:\Users\guiga\Downloads\Outros\combo(15)_1_1 -> C:\Users\guiga\Downloads\Outros\combo(15)_1_1_1
2026-02-14 17:05:40,018 | INFO | Movido: C:\Users\guiga\Downloads\Outros\combo(16)_1_1 -> C:\Users\guiga\Downloads\Outros\combo(16)_1_1_1
2026-02-14 17:05:40,019 | INFO | Movido: C:\Users\guiga\Downloads\Outros\combo(17)_1_1 -> C:\Users\guiga\Downloads\Outros\combo(17)_1_1_1
2026-02-14 17:05:40,020 | INFO | Movido: C:\Users\guiga\Downloads\Outros\combo(18)_1_1 -> C:\Users\guiga\Downloads\Outros\combo(18)_1_1_1
2026-02-14 17:05:40,024 | INFO | Movido: C:\Users\guiga\Downloads\Outros\combo(19)_1_1 -> C:\Users\guiga\Downloads\Outros\combo(19)_1_1_1
2026-02-14 17:05:40,025 | INFO | Movido: C:\Users\guiga\Downloads\Outros\combo(2)_1_1 -> C:\Users\guiga\Downloads\Outros\combo(2)_1_1_1
2026-02-14 17:05:40,026 | INFO | Movido: C:\Users\guiga\Downloads\Outros\combo(20)_1_1 -> C:\Users\guiga\Downloads\Outros\combo(20)_1_1_1
2026-02-14 17:05:40,026 | INFO | Movido: C:\Users\guiga\Downloads\Outros\combo(21)_1_1 -> C:\Users\guiga\Downloads\Outros\combo(21)_1_1_1
2026-02-14 17:05:40,029 | INFO | Movido: C:\Users\guiga\Downloads\Outros\combo(22)_1_1 -> C:\Users\guiga\Downloads\Outros\combo(22)_1_1_1
2026-02-14 17:05:40,030 | INFO | Movido: C:\Users\guiga\Downloads\Outros\combo(23)_1_1 -> C:\Users\guiga\Downloads\Outros\combo(23)_1_1_1
2026-02-14 17:05:40,032 | INFO | Movido: C:\Users\guiga\Downloads\Outros\combo(24)_1_1 -> C:\Users\guiga\Downloads\Outros\combo(24)_1_1_1
2026-02-14 17:05:40,033 | INFO | Movido: C:\Users\guiga\Downloads\Outros\combo(25)_1_1 -> C:\Users\guiga\Downloads\Outros\combo(25)_1_1_1
2026-02-14 17:05:40,035 | INFO | Movido: C:\Users\guiga\Downloads\Outros\combo(26)_1_1 -> C:\Users\guiga\Downloads\Outros\combo(26)_1_1_1
2026-02-14 17:05:40,037 | INFO | Movido: C:\Users\guiga\Downloads\Outros\combo(27)_1_1 -> C:\Users\guiga\Downloads\Outros\combo(27)_1_1_1
2026-02-14 17:05:40,039 | INFO | Movido: C:\Users\guiga\Downloads\Outros\combo(28)_1_1 -> C:\Users\guiga\Downloads\Outros\combo(28)_1_1_1
2026-02-14 17:05:40,040 | INFO | Movido: C:\Users\guiga\Downloads\Outros\combo(29)_1_1 -> C:\Users\guiga\Downloads\Outros\combo(29)_1_1_1
2026-02-14 17:05:40,043 | INFO | Movido: C:\Users\guiga\Downloads\Outros\combo(3)_1_1 -> C:\Users\guiga\Downloads\Outros\combo(3)_1_1_1
2026-02-14 17:05:40,043 | INFO | Movido: C:\Users\guiga\Downloads\Outros\combo(30)_1_1 -> C:\Users\guiga\Downloads\Outros\combo(30)_1_1_1
2026-02-14 17:05:40,045 | INFO | Movido: C:\Users\guiga\Downloads\Outros\combo(31)_1_1 -> C:\Users\guiga\Downloads\Outros\combo(31)_1_1_1
2026-02-14 17:05:40,047 | INFO | Movido: C:\Users\guiga\Downloads\Outros\combo(32)_1_1 -> C:\Users\guiga\Downloads\Outros\combo(32)_1_1_1
2026-02-14 17:05:40,049 | INFO | Movido: C:\Users\guiga\Downloads\Outros\combo(33)_1_1 -> C:\Users\guiga\Downloads\Outros\combo(33)_1_1_1
2026-02-14 17:05:40,050 | INFO | Movido: C:\Users\guiga\Downloads\Outros\combo(34)_1_1 -> C:\Users\guiga\Downloads\Outros\combo(34)_1_1_1
2026-02-14 17:05:40,052 | INFO | Movido: C:\Users\guiga\Downloads\Outros\combo(35)_1_1 -> C:\Users\guiga\Downloads\Outros\combo(35)_1_1_1
2026-02-14 17:05:40,054 | INFO | Movido: C:\Users\guiga\Downloads\Outros\combo(36)_1_1 -> C:\Users\guiga\Downloads\Outros\combo(36)_1_1_1
2026-02-14 17:05:40,055 | INFO | Movido: C:\Users\guiga\Downloads\Outros\combo(37)_1_1 -> C:\Users\guiga\Downloads\Outros\combo(37)_1_1_1
2026-02-14 17:05:40,058 | INFO | Movido: C:\Users\guiga\Downloads\Outros\combo(38)_1_1 -> C:\Users\guiga\Downloads\Outros\combo(38)_1_1_1
2026-02-14 17:05:40,059 | INFO | Movido: C:\Users\guiga\Downloads\Outros\combo(39)_1_1 -> C:\Users\guiga\Downloads\Outros\combo(39)_1_1_1
2026-02-14 17:05:40,060 | INFO | Movido: C:\Users\guiga\Downloads\Outros\combo(4)_1_1 -> C:\Users\guiga\Downloads\Outros\combo(4)_1_1_1
2026-02-14 17:05:40,062 | INFO | Movido: C:\Users\guiga\Downloads\Outros\combo(40)_1_1 -> C:\Users\guiga\Downloads\Outros\combo(40)_1_1_1
2026-02-14 17:05:40,064 | INFO | Movido: C:\Users\guiga\Downloads\Outros\combo(41)_1_1 -> C:\Users\guiga\Downloads\Outros\combo(41)_1_1_1
2026-02-14 17:05:40,066 | INFO | Movido: C:\Users\guiga\Downloads\Outros\combo(42)_1_1 -> C:\Users\guiga\Downloads\Outros\combo(42)_1_1_1
2026-02-14 17:05:40,067 | INFO | Movido: C:\Users\guiga\Downloads\Outros\combo(43)_1_1 -> C:\Users\guiga\Downloads\Outros\combo(43)_1_1_1
2026-02-14 17:05:40,069 | INFO | Movido: C:\Users\guiga\Downloads\Outros\combo(44)_1_1 -> C:\Users\guiga\Downloads\Outros\combo(44)_1_1_1
2026-02-14 17:05:40,071 | INFO | Movido: C:\Users\guiga\Downloads\Outros\combo(45)_1_1 -> C:\Users\guiga\Downloads\Outros\combo(45)_1_1_1
2026-02-14 17:05:40,071 | INFO | Movido: C:\Users\guiga\Downloads\Outros\combo(46)_1_1 -> C:\Users\guiga\Downloads\Outros\combo(46)_1_1_1
2026-02-14 17:05:40,075 | INFO | Movido: C:\Users\guiga\Downloads\Outros\combo(47)_1_1 -> C:\Users\guiga\Downloads\Outros\combo(47)_1_1_1
2026-02-14 17:05:40,077 | INFO | Movido: C:\Users\guiga\Downloads\Outros\combo(48)_1_1 -> C:\Users\guiga\Downloads\Outros\combo(48)_1_1_1
2026-02-14 17:05:40,078 | INFO | Movido: C:\Users\guiga\Downloads\Outros\combo(49)_1_1 -> C:\Users\guiga\Downloads\Outros\combo(49)_1_1_1
2026-02-14 17:05:40,081 | INFO | Movido: C:\Users\guiga\Downloads\Outros\combo(5)_1_1 -> C:\Users\guiga\Downloads\Outros\combo(5)_1_1_1
2026-02-14 17:05:40,083 | INFO | Movido: C:\Users\guiga\Downloads\Outros\combo(50)_1_1 -> C:\Users\guiga\Downloads\Outros\combo(50)_1_1_1
2026-02-14 17:05:40,084 | INFO | Movido: C:\Users\guiga\Downloads\Outros\combo(51)_1_1 -> C:\Users\guiga\Downloads\Outros\combo(51)_1_1_1
2026-02-14 17:05:40,085 | INFO | Movido: C:\Users\guiga\Downloads\Outros\combo(52)_1_1 -> C:\Users\guiga\Downloads\Outros\combo(52)_1_1_1
2026-02-14 17:05:40,088 | INFO | Movido: C:\Users\guiga\Downloads\Outros\combo(53)_1_1 -> C:\Users\guiga\Downloads\Outros\combo(53)_1_1_1
2026-02-14 17:05:40,090 | INFO | Movido: C:\Users\guiga\Downloads\Outros\combo(54)_1_1 -> C:\Users\guiga\Downloads\Outros\combo(54)_1_1_1
2026-02-14 17:05:40,091 | INFO | Movido: C:\Users\guiga\Downloads\Outros\combo(55)_1_1 -> C:\Users\guiga\Downloads\Outros\combo(55)_1_1_1
2026-02-14 17:05:40,092 | INFO | Movido: C:\Users\guiga\Downloads\Outros\combo(56)_1_1 -> C:\Users\guiga\Downloads\Outros\combo(56)_1_1_1
2026-02-14 17:05:40,092 | INFO | Movido: C:\Users\guiga\Downloads\Outros\combo(57)_1_1 -> C:\Users\guiga\Downloads\Outros\combo(57)_1_1_1
2026-02-14 17:05:40,095 | INFO | Movido: C:\Users\guiga\Downloads\Outros\combo(58)_1_1 -> C:\Users\guiga\Downloads\Outros\combo(58)_1_1_1
2026-02-14 17:05:40,097 | INFO | Movido: C:\Users\guiga\Downloads\Outros\combo(59)_1_1 -> C:\Users\guiga\Downloads\Outros\combo(59)_1_1_1
2026-02-14 17:05:40,099 | INFO | Movido: C:\Users\guiga\Downloads\Outros\combo(6)_1_1 -> C:\Users\guiga\Downloads\Outros\combo(6)_1_1_1
2026-02-14 17:05:40,100 | INFO | Movido: C:\Users\guiga\Downloads\Outros\combo(60)_1_1 -> C:\Users\guiga\Downloads\Outros\combo(60)_1_1_1
2026-02-14 17:05:40,102 | INFO | Movido: C:\Users\guiga\Downloads\Outros\combo(61)_1_1 -> C:\Users\guiga\Downloads\Outros\combo(61)_1_1_1
2026-02-14 17:05:40,104 | INFO | Movido: C:\Users\guiga\Downloads\Outros\combo(62)_1_1 -> C:\Users\guiga\Downloads\Outros\combo(62)_1_1_1
2026-02-14 17:05:40,105 | INFO | Movido: C:\Users\guiga\Downloads\Outros\combo(63)_1_1 -> C:\Users\guiga\Downloads\Outros\combo(63)_1_1_1
2026-02-14 17:05:40,107 | INFO | Movido: C:\Users\guiga\Downloads\Outros\combo(64)_1_1 -> C:\Users\guiga\Downloads\Outros\combo(64)_1_1_1
2026-02-14 17:05:40,108 | INFO | Movido: C:\Users\guiga\Downloads\Outros\combo(65)_1_1 -> C:\Users\guiga\Downloads\Outros\combo(65)_1_1_1
2026-02-14 17:05:40,110 | INFO | Movido: C:\Users\guiga\Downloads\Outros\combo(66)_1_1 -> C:\Users\guiga\Downloads\Outros\combo(66)_1_1_1
2026-02-14 17:05:40,110 | INFO | Movido: C:\Users\guiga\Downloads\Outros\combo(67)_1_1 -> C:\Users\guiga\Downloads\Outros\combo(67)_1_1_1
2026-02-14 17:05:40,114 | INFO | Movido: C:\Users\guiga\Downloads\Outros\combo(68)_1_1 -> C:\Users\guiga\Downloads\Outros\combo(68)_1_1_1
2026-02-14 17:05:40,116 | INFO | Movido: C:\Users\guiga\Downloads\Outros\combo(69)_1_1 -> C:\Users\guiga\Downloads\Outros\combo(69)_1_1_1
2026-02-14 17:05:40,117 | INFO | Movido: C:\Users\guiga\Downloads\Outros\combo(7)_1_1 -> C:\Users\guiga\Downloads\Outros\combo(7)_1_1_1
2026-02-14 17:05:40,119 | INFO | Movido: C:\Users\guiga\Downloads\Outros\combo(70)_1_1 -> C:\Users\guiga\Downloads\Outros\combo(70)_1_1_1
2026-02-14 17:05:40,120 | INFO | Movido: C:\Users\guiga\Downloads\Outros\combo(71)_1_1 -> C:\Users\guiga\Downloads\Outros\combo(71)_1_1_1
2026-02-14 17:05:40,122 | INFO | Movido: C:\Users\guiga\Downloads\Outros\combo(72)_1_1 -> C:\Users\guiga\Downloads\Outros\combo(72)_1_1_1
2026-02-14 17:05:40,123 | INFO | Movido: C:\Users\guiga\Downloads\Outros\combo(73)_1_1 -> C:\Users\guiga\Downloads\Outros\combo(73)_1_1_1
2026-02-14 17:05:40,125 | INFO | Movido: C:\Users\guiga\Downloads\Outros\combo(74)_1_1 -> C:\Users\guiga\Downloads\Outros\combo(74)_1_1_1
2026-02-14 17:05:40,126 | INFO | Movido: C:\Users\guiga\Downloads\Outros\combo(75)_1_1 -> C:\Users\guiga\Downloads\Outros\combo(75)_1_1_1
2026-02-14 17:05:40,128 | INFO | Movido: C:\Users\guiga\Downloads\Outros\combo(76)_1_1 -> C:\Users\guiga\Downloads\Outros\combo(76)_1_1_1
2026-02-14 17:05:40,130 | INFO | Movido: C:\Users\guiga\Downloads\Outros\combo(77)_1_1 -> C:\Users\guiga\Downloads\Outros\combo(77)_1_1_1
2026-02-14 17:05:40,132 | INFO | Movido: C:\Users\guiga\Downloads\Outros\combo(78)_1_1 -> C:\Users\guiga\Downloads\Outros\combo(78)_1_1_1
2026-02-14 17:05:40,133 | INFO | Movido: C:\Users\guiga\Downloads\Outros\combo(79)_1_1 -> C:\Users\guiga\Downloads\Outros\combo(79)_1_1_1
2026-02-14 17:05:40,135 | INFO | Movido: C:\Users\guiga\Downloads\Outros\combo(8)_1_1 -> C:\Users\guiga\Downloads\Outros\combo(8)_1_1_1
2026-02-14 17:05:40,136 | INFO | Movido: C:\Users\guiga\Downloads\Outros\combo(80)_1_1 -> C:\Users\guiga\Downloads\Outros\combo(80)_1_1_1
2026-02-14 17:05:40,138 | INFO | Movido: C:\Users\guiga\Downloads\Outros\combo(81)_1_1 -> C:\Users\guiga\Downloads\Outros\combo(81)_1_1_1
2026-02-14 17:05:40,139 | INFO | Movido: C:\Users\guiga\Downloads\Outros\combo(82)_1_1 -> C:\Users\guiga\Downloads\Outros\combo(82)_1_1_1
2026-02-14 17:05:40,141 | INFO | Movido: C:\Users\guiga\Downloads\Outros\combo(83)_1_1 -> C:\Users\guiga\Downloads\Outros\combo(83)_1_1_1
2026-02-14 17:05:40,143 | INFO | Movido: C:\Users\guiga\Downloads\Outros\combo(84)_1_1 -> C:\Users\guiga\Downloads\Outros\combo(84)_1_1_1
2026-02-14 17:05:40,144 | INFO | Movido: C:\Users\guiga\Downloads\Outros\combo(85)_1_1 -> C:\Users\guiga\Downloads\Outros\combo(85)_1_1_1
2026-02-14 17:05:40,145 | INFO | Movido: C:\Users\guiga\Downloads\Outros\combo(86)_1_1 -> C:\Users\guiga\Downloads\Outros\combo(86)_1_1_1
2026-02-14 17:05:40,148 | INFO | Movido: C:\Users\guiga\Downloads\Outros\combo(87)_1_1 -> C:\Users\guiga\Downloads\Outros\combo(87)_1_1_1
2026-02-14 17:05:40,149 | INFO | Movido: C:\Users\guiga\Downloads\Outros\combo(88)_1_1 -> C:\Users\guiga\Downloads\Outros\combo(88)_1_1_1
2026-02-14 17:05:40,151 | INFO | Movido: C:\Users\guiga\Downloads\Outros\combo(89)_1_1 -> C:\Users\guiga\Downloads\Outros\combo(89)_1_1_1
2026-02-14 17:05:40,153 | INFO | Movido: C:\Users\guiga\Downloads\Outros\combo(9)_1_1 -> C:\Users\guiga\Downloads\Outros\combo(9)_1_1_1
2026-02-14 17:05:40,155 | INFO | Movido: C:\Users\guiga\Downloads\Outros\combo(90)_1_1 -> C:\Users\guiga\Downloads\Outros\combo(90)_1_1_1
2026-02-14 17:05:40,157 | INFO | Movido: C:\Users\guiga\Downloads\Outros\combo(91)_1_1 -> C:\Users\guiga\Downloads\Outros\combo(91)_1_1_1
2026-02-14 17:05:40,159 | INFO | Movido: C:\Users\guiga\Downloads\Outros\combo(92)_1_1 -> C:\Users\guiga\Downloads\Outros\combo(92)_1_1_1
2026-02-14 17:05:40,159 | INFO | Movido: C:\Users\guiga\Downloads\Outros\combo(93)_1_1 -> C:\Users\guiga\Downloads\Outros\combo(93)_1_1_1
2026-02-14 17:05:40,162 | INFO | Movido: C:\Users\guiga\Downloads\Outros\combo(94)_1_1 -> C:\Users\guiga\Downloads\Outros\combo(94)_1_1_1
2026-02-14 17:05:40,164 | INFO | Movido: C:\Users\guiga\Downloads\Outros\combo(95)_1_1 -> C:\Users\guiga\Downloads\Outros\combo(95)_1_1_1
2026-02-14 17:05:40,165 | INFO | Movido: C:\Users\guiga\Downloads\Outros\combo(96)_1_1 -> C:\Users\guiga\Downloads\Outros\combo(96)_1_1_1
2026-02-14 17:05:40,167 | INFO | Movido: C:\Users\guiga\Downloads\Outros\combo(97)_1_1 -> C:\Users\guiga\Downloads\Outros\combo(97)_1_1_1
2026-02-14 17:05:40,168 | INFO | Movido: C:\Users\guiga\Downloads\Outros\combo(98)_1_1 -> C:\Users\guiga\Downloads\Outros\combo(98)_1_1_1
2026-02-14 17:05:40,170 | INFO | Movido: C:\Users\guiga\Downloads\Outros\combo(99)_1_1 -> C:\Users\guiga\Downloads\Outros\combo(99)_1_1_1
2026-02-14 17:05:40,171 | INFO | Movido: C:\Users\guiga\Downloads\Outros\combo_1_1 -> C:\Users\guiga\Downloads\Outros\combo_1_1_1
2026-02-14 17:05:40,171 | INFO | Movido: C:\Users\guiga\Downloads\Outros\CommonServiceLocator_1_1_1_1.dll -> C:\Users\guiga\Downloads\Outros\CommonServiceLocator_1_1_1_1_1.dll
2026-02-14 17:05:40,175 | INFO | Movido: C:\Users\guiga\Downloads\Outros\component_1_1.json -> C:\Users\guiga\Downloads\Outros\component_1_1_1.json
2026-02-14 17:05:40,182 | INFO | Movido: C:\Users\guiga\Downloads\Outros\composer_1_1.json -> C:\Users\guiga\Downloads\Outros\composer_1_1_1.json
2026-02-14 17:05:40,184 | INFO | Movido: C:\Users\guiga\Downloads\Outros\conf_uid_1_1_1 -> C:\Users\guiga\Downloads\Outros\conf_uid_1_1_1_1
2026-02-14 17:05:40,186 | INFO | Movido: C:\Users\guiga\Downloads\Outros\conf_uid_2_1_1 -> C:\Users\guiga\Downloads\Outros\conf_uid_2_1_1_1
2026-02-14 17:05:40,189 | INFO | Movido: C:\Users\guiga\Downloads\Outros\conf_uid_3_1 -> C:\Users\guiga\Downloads\Outros\conf_uid_3_1_1
2026-02-14 17:05:40,192 | INFO | Movido: C:\Users\guiga\Downloads\Outros\ContosoRetailDW_1_1_1_1.bak -> C:\Users\guiga\Downloads\Outros\ContosoRetailDW_1_1_1_1_1.bak
2026-02-14 17:05:40,196 | INFO | Movido: C:\Users\guiga\Downloads\Outros\css2_1_1 -> C:\Users\guiga\Downloads\Outros\css2_1_1_1
2026-02-14 17:05:40,203 | INFO | Movido: C:\Users\guiga\Downloads\Outros\css_1_1 -> C:\Users\guiga\Downloads\Outros\css_1_1_1
2026-02-14 17:05:40,214 | INFO | Movido: C:\Users\guiga\Downloads\Outros\Cálculo financeiro das tesourarias; Bancos e empresas -- Roberto Securato, José -- 5, 2020 -- Saint Paul Editora LTDA -- 8580041147 -- 494350ab5db8051ee68536f4f24a386e -- Anna’s Archive_1_1_1_1.epub -> C:\Users\guiga\Downloads\Outros\Cálculo financeiro das tesourarias; Bancos e empresas -- Roberto Securato, José -- 5, 2020 -- Saint Paul Editora LTDA -- 8580041147 -- 494350ab5db8051ee68536f4f24a386e -- Anna’s Archive_1_1_1_1_1.epub
2026-02-14 17:05:40,217 | INFO | Movido: C:\Users\guiga\Downloads\Outros\data_types_1_1.ipynb -> C:\Users\guiga\Downloads\Outros\data_types_1_1_1.ipynb
2026-02-14 17:05:40,219 | INFO | Movido: C:\Users\guiga\Downloads\Outros\dc4e7c34-c7aa-4f08-8603-3cbd76a77363_1_1.jfif -> C:\Users\guiga\Downloads\Outros\dc4e7c34-c7aa-4f08-8603-3cbd76a77363_1_1_1.jfif
2026-02-14 17:05:40,221 | INFO | Movido: C:\Users\guiga\Downloads\Outros\Desafio Python com Email 01_1_1_1_1.ipynb -> C:\Users\guiga\Downloads\Outros\Desafio Python com Email 01_1_1_1_1_1.ipynb
2026-02-14 17:05:40,224 | INFO | Movido: C:\Users\guiga\Downloads\Outros\desktop_1_1_1_1.ini -> C:\Users\guiga\Downloads\Outros\desktop_1_1_1_1_1.ini
2026-02-14 17:05:40,226 | INFO | Movido: C:\Users\guiga\Downloads\Outros\Dexter - A mão esquerda de Deus -- Lindsay, Jeff -- 2012 -- DLD -- 854220039X -- ae3ad3c0c88fbc0ce2acb68b53405186 -- Anna’s Archive_1_1_1_1.epub -> C:\Users\guiga\Downloads\Outros\Dexter - A mão esquerda de Deus -- Lindsay, Jeff -- 2012 -- DLD -- 854220039X -- ae3ad3c0c88fbc0ce2acb68b53405186 -- Anna’s Archive_1_1_1_1_1.epub
2026-02-14 17:05:40,230 | INFO | Movido: C:\Users\guiga\Downloads\Outros\documentacao_analise_barbearia_1_1_1_1.md -> C:\Users\guiga\Downloads\Outros\documentacao_analise_barbearia_1_1_1_1_1.md
2026-02-14 17:05:40,235 | INFO | Movido: C:\Users\guiga\Downloads\Outros\Dragablz_1_1_1_1.dll -> C:\Users\guiga\Downloads\Outros\Dragablz_1_1_1_1_1.dll
2026-02-14 17:05:40,251 | INFO | Movido: C:\Users\guiga\Downloads\Outros\DS_Store (1)_1_1_1_1 -> C:\Users\guiga\Downloads\Outros\DS_Store (1)_1_1_1_1_1
2026-02-14 17:05:40,254 | INFO | Movido: C:\Users\guiga\Downloads\Outros\DS_Store (2)_1_1_1_1 -> C:\Users\guiga\Downloads\Outros\DS_Store (2)_1_1_1_1_1
2026-02-14 17:05:40,256 | INFO | Movido: C:\Users\guiga\Downloads\Outros\DS_Store_1_1_1_1 -> C:\Users\guiga\Downloads\Outros\DS_Store_1_1_1_1_1
2026-02-14 17:05:40,258 | INFO | Movido: C:\Users\guiga\Downloads\Outros\embed_1_1.php -> C:\Users\guiga\Downloads\Outros\embed_1_1_1.php
2026-02-14 17:05:40,261 | INFO | Movido: C:\Users\guiga\Downloads\Outros\Engenharia de Software para Cientistas de Dados -- Catherine Nelson -- 2024 -- Novatec Editora -- fa7116ded7b93612674ddda6c1830255 -- Anna’s Archive_1_1_1_1.epub -> C:\Users\guiga\Downloads\Outros\Engenharia de Software para Cientistas de Dados -- Catherine Nelson -- 2024 -- Novatec Editora -- fa7116ded7b93612674ddda6c1830255 -- Anna’s Archive_1_1_1_1_1.epub
2026-02-14 17:05:40,265 | INFO | Movido: C:\Users\guiga\Downloads\Outros\Estrutura de Dados - Dicionários Fixação de Conceitos_1_1_1_1.ipynb -> C:\Users\guiga\Downloads\Outros\Estrutura de Dados - Dicionários Fixação de Conceitos_1_1_1_1_1.ipynb
2026-02-14 17:05:40,268 | INFO | Movido: C:\Users\guiga\Downloads\Outros\Estrutura Sequencial_1_1_1_1.ipynb -> C:\Users\guiga\Downloads\Outros\Estrutura Sequencial_1_1_1_1_1.ipynb
2026-02-14 17:05:40,270 | INFO | Movido: C:\Users\guiga\Downloads\Outros\Estruturas de Decisão-Gabarito_1_1_1_1.ipynb -> C:\Users\guiga\Downloads\Outros\Estruturas de Decisão-Gabarito_1_1_1_1_1.ipynb
2026-02-14 17:05:40,273 | INFO | Movido: C:\Users\guiga\Downloads\Outros\EULAInfo_1_1.xml -> C:\Users\guiga\Downloads\Outros\EULAInfo_1_1_1.xml
2026-02-14 17:05:40,275 | INFO | Movido: C:\Users\guiga\Downloads\Outros\EXE-00_1_1_1.toc -> C:\Users\guiga\Downloads\Outros\EXE-00_1_1_1_1.toc
2026-02-14 17:05:40,278 | INFO | Movido: C:\Users\guiga\Downloads\Outros\EXE-00_2_1.toc -> C:\Users\guiga\Downloads\Outros\EXE-00_2_1_1.toc
2026-02-14 17:05:40,280 | INFO | Movido: C:\Users\guiga\Downloads\Outros\exercicios (1)_1_1_1_1.ipynb -> C:\Users\guiga\Downloads\Outros\exercicios (1)_1_1_1_1_1.ipynb
2026-02-14 17:05:40,283 | INFO | Movido: C:\Users\guiga\Downloads\Outros\exercicios_gabarito (1)_1_1_1_1.ipynb -> C:\Users\guiga\Downloads\Outros\exercicios_gabarito (1)_1_1_1_1_1.ipynb
2026-02-14 17:05:40,285 | INFO | Movido: C:\Users\guiga\Downloads\Outros\Exercício 3 econ. II_1_1_1_1.gretl -> C:\Users\guiga\Downloads\Outros\Exercício 3 econ. II_1_1_1_1_1.gretl
2026-02-14 17:05:40,288 | INFO | Movido: C:\Users\guiga\Downloads\Outros\Exercícios Módulo 1 - Gabarito_1_1_1_1.ipynb -> C:\Users\guiga\Downloads\Outros\Exercícios Módulo 1 - Gabarito_1_1_1_1_1.ipynb
2026-02-14 17:05:40,291 | INFO | Movido: C:\Users\guiga\Downloads\Outros\Exercícios Módulo 1_1_1_1_1.ipynb -> C:\Users\guiga\Downloads\Outros\Exercícios Módulo 1_1_1_1_1_1.ipynb
2026-02-14 17:05:40,293 | INFO | Movido: C:\Users\guiga\Downloads\Outros\fbevents.js_1_1.transferir -> C:\Users\guiga\Downloads\Outros\fbevents.js_1_1_1.transferir
2026-02-14 17:05:40,300 | INFO | Movido: C:\Users\guiga\Downloads\Outros\file(1)_1_1.enc -> C:\Users\guiga\Downloads\Outros\file(1)_1_1_1.enc
2026-02-14 17:05:40,306 | INFO | Movido: C:\Users\guiga\Downloads\Outros\file(2)_1_1.enc -> C:\Users\guiga\Downloads\Outros\file(2)_1_1_1.enc
2026-02-14 17:05:40,309 | INFO | Movido: C:\Users\guiga\Downloads\Outros\file(3)_1_1.enc -> C:\Users\guiga\Downloads\Outros\file(3)_1_1_1.enc
2026-02-14 17:05:40,311 | INFO | Movido: C:\Users\guiga\Downloads\Outros\file(4)_1_1.enc -> C:\Users\guiga\Downloads\Outros\file(4)_1_1_1.enc
2026-02-14 17:05:40,314 | INFO | Movido: C:\Users\guiga\Downloads\Outros\file_1_1.enc -> C:\Users\guiga\Downloads\Outros\file_1_1_1.enc
2026-02-14 17:05:40,316 | INFO | Movido: C:\Users\guiga\Downloads\Outros\Filtrar_1_1_1_1.ipynb -> C:\Users\guiga\Downloads\Outros\Filtrar_1_1_1_1_1.ipynb
2026-02-14 17:05:40,318 | INFO | Movido: C:\Users\guiga\Downloads\Outros\FirewallSetting64_1_1.dll -> C:\Users\guiga\Downloads\Outros\FirewallSetting64_1_1_1.dll
2026-02-14 17:05:40,320 | INFO | Movido: C:\Users\guiga\Downloads\Outros\FirewallSetting_1_1.dll -> C:\Users\guiga\Downloads\Outros\FirewallSetting_1_1_1.dll
2026-02-14 17:05:40,323 | INFO | Movido: C:\Users\guiga\Downloads\Outros\flimojis-044772fa.js_1_1.download -> C:\Users\guiga\Downloads\Outros\flimojis-044772fa.js_1_1_1.download
2026-02-14 17:05:40,325 | INFO | Movido: C:\Users\guiga\Downloads\Outros\from twilio_1_1.pkg -> C:\Users\guiga\Downloads\Outros\from twilio_1_1_1.pkg
2026-02-14 17:05:40,327 | INFO | Movido: C:\Users\guiga\Downloads\Outros\from twilio_1_1_1_1.spec -> C:\Users\guiga\Downloads\Outros\from twilio_1_1_1_1_1.spec
2026-02-14 17:05:40,330 | INFO | Movido: C:\Users\guiga\Downloads\Outros\Gabarito - Desafio Python com Email 01_1_1_1_1.ipynb -> C:\Users\guiga\Downloads\Outros\Gabarito - Desafio Python com Email 01_1_1_1_1_1.ipynb
2026-02-14 17:05:40,333 | INFO | Movido: C:\Users\guiga\Downloads\Outros\Gabarito - Lambda Expressions 02 (1)_1_1_1_1.ipynb -> C:\Users\guiga\Downloads\Outros\Gabarito - Lambda Expressions 02 (1)_1_1_1_1_1.ipynb
2026-02-14 17:05:40,335 | INFO | Movido: C:\Users\guiga\Downloads\Outros\Gabarito - Printscreen com Selenium_1_1_1_1.ipynb -> C:\Users\guiga\Downloads\Outros\Gabarito - Printscreen com Selenium_1_1_1_1_1.ipynb
2026-02-14 17:05:40,337 | INFO | Movido: C:\Users\guiga\Downloads\Outros\Gabarito - Python para exe 04_1_1_1_1.ipynb -> C:\Users\guiga\Downloads\Outros\Gabarito - Python para exe 04_1_1_1_1_1.ipynb
2026-02-14 17:05:40,339 | INFO | Movido: C:\Users\guiga\Downloads\Outros\GalaSoft.MvvmLight.Extras_1_1_1_1.dll -> C:\Users\guiga\Downloads\Outros\GalaSoft.MvvmLight.Extras_1_1_1_1_1.dll
2026-02-14 17:05:40,342 | INFO | Movido: C:\Users\guiga\Downloads\Outros\GalaSoft.MvvmLight.Platform_1_1_1_1.dll -> C:\Users\guiga\Downloads\Outros\GalaSoft.MvvmLight.Platform_1_1_1_1_1.dll
2026-02-14 17:05:40,344 | INFO | Movido: C:\Users\guiga\Downloads\Outros\GalaSoft.MvvmLight_1_1_1_1.dll -> C:\Users\guiga\Downloads\Outros\GalaSoft.MvvmLight_1_1_1_1_1.dll
2026-02-14 17:05:40,347 | INFO | Movido: C:\Users\guiga\Downloads\Outros\gtm.js_1_1.transferir -> C:\Users\guiga\Downloads\Outros\gtm.js_1_1_1.transferir
2026-02-14 17:05:40,348 | INFO | Movido: C:\Users\guiga\Downloads\Outros\GUIA_EXPLICATIVO_PLANILHA_1_1_1_1.md -> C:\Users\guiga\Downloads\Outros\GUIA_EXPLICATIVO_PLANILHA_1_1_1_1_1.md
2026-02-14 17:05:40,348 | INFO | Movido: C:\Users\guiga\Downloads\Outros\hermes-core-23168383.js_1_1.download -> C:\Users\guiga\Downloads\Outros\hermes-core-23168383.js_1_1_1.download
2026-02-14 17:05:40,348 | INFO | Movido: C:\Users\guiga\Downloads\Outros\images_1_1_1_1.jfif -> C:\Users\guiga\Downloads\Outros\images_1_1_1_1_1.jfif
2026-02-14 17:05:40,355 | INFO | Movido: C:\Users\guiga\Downloads\Outros\Indice e Tamanho de String_1_1_1_1.ipynb -> C:\Users\guiga\Downloads\Outros\Indice e Tamanho de String_1_1_1_1_1.ipynb
2026-02-14 17:05:40,355 | INFO | Movido: C:\Users\guiga\Downloads\Outros\Informações Diárias (1)_1_1_1_1.json -> C:\Users\guiga\Downloads\Outros\Informações Diárias (1)_1_1_1_1_1.json
2026-02-14 17:05:40,360 | INFO | Movido: C:\Users\guiga\Downloads\Outros\Informações Diárias (2)_1_1_1_1.json -> C:\Users\guiga\Downloads\Outros\Informações Diárias (2)_1_1_1_1_1.json
2026-02-14 17:05:40,360 | INFO | Movido: C:\Users\guiga\Downloads\Outros\Informações Diárias_1_1_1_1.json -> C:\Users\guiga\Downloads\Outros\Informações Diárias_1_1_1_1_1.json
2026-02-14 17:05:40,364 | INFO | Movido: C:\Users\guiga\Downloads\Outros\insight.min.js_1_1.transferir -> C:\Users\guiga\Downloads\Outros\insight.min.js_1_1_1.transferir
2026-02-14 17:05:40,366 | INFO | Movido: C:\Users\guiga\Downloads\Outros\insight.old.min.js_1_1.transferir -> C:\Users\guiga\Downloads\Outros\insight.old.min.js_1_1_1.transferir
2026-02-14 17:05:40,366 | INFO | Movido: C:\Users\guiga\Downloads\Outros\Instalação do Guardião Itaú 30 horas_1_1_1_1.log -> C:\Users\guiga\Downloads\Outros\Instalação do Guardião Itaú 30 horas_1_1_1_1_1.log
2026-02-14 17:05:40,366 | INFO | Movido: C:\Users\guiga\Downloads\Outros\Instalação do Módulo Adicional de Segurança CAIXA_1_1_1_1.log -> C:\Users\guiga\Downloads\Outros\Instalação do Módulo Adicional de Segurança CAIXA_1_1_1_1_1.log
2026-02-14 17:05:40,366 | INFO | Movido: C:\Users\guiga\Downloads\Outros\InstallAnime_1_1.xml -> C:\Users\guiga\Downloads\Outros\InstallAnime_1_1_1.xml
2026-02-14 17:05:40,366 | INFO | Movido: C:\Users\guiga\Downloads\Outros\InstallParameter_1_1.ini -> C:\Users\guiga\Downloads\Outros\InstallParameter_1_1_1.ini
2026-02-14 17:05:40,375 | INFO | Movido: C:\Users\guiga\Downloads\Outros\jquery.fancybox.min_1_1.css -> C:\Users\guiga\Downloads\Outros\jquery.fancybox.min_1_1_1.css
2026-02-14 17:05:40,375 | INFO | Movido: C:\Users\guiga\Downloads\Outros\jquery.min.js_1_1.transferir -> C:\Users\guiga\Downloads\Outros\jquery.min.js_1_1_1.transferir
2026-02-14 17:05:40,381 | INFO | Movido: C:\Users\guiga\Downloads\Outros\js(1)_1_1 -> C:\Users\guiga\Downloads\Outros\js(1)_1_1_1
2026-02-14 17:05:40,381 | INFO | Movido: C:\Users\guiga\Downloads\Outros\js_1_1 -> C:\Users\guiga\Downloads\Outros\js_1_1_1
2026-02-14 17:05:40,385 | INFO | Movido: C:\Users\guiga\Downloads\Outros\kali-linux-2024.3-installer-netinst-amd64_1_1_1_1.iso -> C:\Users\guiga\Downloads\Outros\kali-linux-2024.3-installer-netinst-amd64_1_1_1_1_1.iso
2026-02-14 17:05:40,385 | INFO | Movido: C:\Users\guiga\Downloads\Outros\Language_1_1.ini -> C:\Users\guiga\Downloads\Outros\Language_1_1_1.ini
2026-02-14 17:05:40,385 | INFO | Movido: C:\Users\guiga\Downloads\Outros\lazyload.min.js_1_1.transferir -> C:\Users\guiga\Downloads\Outros\lazyload.min.js_1_1_1.transferir
2026-02-14 17:05:40,390 | INFO | Movido: C:\Users\guiga\Downloads\Outros\lazy_loaded_high_priority_components.eb9c9e2ec66dc3d7dbe2_1_1.css -> C:\Users\guiga\Downloads\Outros\lazy_loaded_high_priority_components.eb9c9e2ec66dc3d7dbe2_1_1_1.css
2026-02-14 17:05:40,390 | INFO | Movido: C:\Users\guiga\Downloads\Outros\lazy_loaded_low_priority_components.83d032906fbedaaba9a9_1_1.css -> C:\Users\guiga\Downloads\Outros\lazy_loaded_low_priority_components.83d032906fbedaaba9a9_1_1_1.css
2026-02-14 17:05:40,394 | INFO | Movido: C:\Users\guiga\Downloads\Outros\Ler Tabela PDF com Python - ArquivoInicial_1_1_1_1.ipynb -> C:\Users\guiga\Downloads\Outros\Ler Tabela PDF com Python - ArquivoInicial_1_1_1_1_1.ipynb
2026-02-14 17:05:40,397 | INFO | Movido: C:\Users\guiga\Downloads\Outros\Ler Tabela PDF com Python - Gabarito_1_1_1_1.ipynb -> C:\Users\guiga\Downloads\Outros\Ler Tabela PDF com Python - Gabarito_1_1_1_1_1.ipynb
2026-02-14 17:05:40,397 | INFO | Movido: C:\Users\guiga\Downloads\Outros\libsignal-protocol-ee5b8ba.min.js_1_1.download -> C:\Users\guiga\Downloads\Outros\libsignal-protocol-ee5b8ba.min.js_1_1_1.download
2026-02-14 17:05:40,397 | INFO | Movido: C:\Users\guiga\Downloads\Outros\LICENSE_1_1_1.chromedriver -> C:\Users\guiga\Downloads\Outros\LICENSE_1_1_1_1.chromedriver
2026-02-14 17:05:40,397 | INFO | Movido: C:\Users\guiga\Downloads\Outros\LICENSE_2_1.chromedriver -> C:\Users\guiga\Downloads\Outros\LICENSE_2_1_1.chromedriver
2026-02-14 17:05:40,397 | INFO | Movido: C:\Users\guiga\Downloads\Outros\List Python - Cartilha de Métodos_1_1_1_1.ipynb -> C:\Users\guiga\Downloads\Outros\List Python - Cartilha de Métodos_1_1_1_1_1.ipynb
2026-02-14 17:05:40,405 | INFO | Movido: C:\Users\guiga\Downloads\Outros\log4net_1_1_1_1.dll -> C:\Users\guiga\Downloads\Outros\log4net_1_1_1_1_1.dll
2026-02-14 17:05:40,405 | INFO | Movido: C:\Users\guiga\Downloads\Outros\main.fcadf0f22a5f06adc27a_1_1.css -> C:\Users\guiga\Downloads\Outros\main.fcadf0f22a5f06adc27a_1_1_1.css
2026-02-14 17:05:40,410 | INFO | Movido: C:\Users\guiga\Downloads\Outros\main~.17d870b2f212468af78c_1_1.css -> C:\Users\guiga\Downloads\Outros\main~.17d870b2f212468af78c_1_1_1.css
2026-02-14 17:05:40,411 | INFO | Movido: C:\Users\guiga\Downloads\Outros\manifest_1_1.json -> C:\Users\guiga\Downloads\Outros\manifest_1_1_1.json
2026-02-14 17:05:40,414 | INFO | Movido: C:\Users\guiga\Downloads\Outros\Manual de Análise de Dados - Estatística e Modelagem -- Luiz Paulo Fávero; Patrícia Belfiore -- 1, 2017 -- Elsevier -- 8535270876 -- 866e1f7338fff60aaf3b420dfcca4c0b -- Anna’s Archive_1_1_1_1.epub -> C:\Users\guiga\Downloads\Outros\Manual de Análise de Dados - Estatística e Modelagem -- Luiz Paulo Fávero; Patrícia Belfiore -- 1, 2017 -- Elsevier -- 8535270876 -- 866e1f7338fff60aaf3b420dfcca4c0b -- Anna’s Archive_1_1_1_1_1.epub
2026-02-14 17:05:40,416 | INFO | Movido: C:\Users\guiga\Downloads\Outros\maplibre-B6OWDH6E.js_1_1.download -> C:\Users\guiga\Downloads\Outros\maplibre-B6OWDH6E.js_1_1_1.download
2026-02-14 17:05:40,416 | INFO | Movido: C:\Users\guiga\Downloads\Outros\messages_1_1.json -> C:\Users\guiga\Downloads\Outros\messages_1_1_1.json
2026-02-14 17:05:40,420 | INFO | Movido: C:\Users\guiga\Downloads\Outros\Message_10_1_1.ini -> C:\Users\guiga\Downloads\Outros\Message_10_1_1_1.ini
2026-02-14 17:05:40,420 | INFO | Movido: C:\Users\guiga\Downloads\Outros\Message_11_1_1.ini -> C:\Users\guiga\Downloads\Outros\Message_11_1_1_1.ini
2026-02-14 17:05:40,420 | INFO | Movido: C:\Users\guiga\Downloads\Outros\Message_12_1_1.ini -> C:\Users\guiga\Downloads\Outros\Message_12_1_1_1.ini
2026-02-14 17:05:40,425 | INFO | Movido: C:\Users\guiga\Downloads\Outros\Message_13_1_1.ini -> C:\Users\guiga\Downloads\Outros\Message_13_1_1_1.ini
2026-02-14 17:05:40,427 | INFO | Movido: C:\Users\guiga\Downloads\Outros\Message_14_1_1.ini -> C:\Users\guiga\Downloads\Outros\Message_14_1_1_1.ini
2026-02-14 17:05:40,429 | INFO | Movido: C:\Users\guiga\Downloads\Outros\Message_15_1_1.ini -> C:\Users\guiga\Downloads\Outros\Message_15_1_1_1.ini
2026-02-14 17:05:40,431 | INFO | Movido: C:\Users\guiga\Downloads\Outros\Message_16_1_1.ini -> C:\Users\guiga\Downloads\Outros\Message_16_1_1_1.ini
2026-02-14 17:05:40,431 | INFO | Movido: C:\Users\guiga\Downloads\Outros\Message_17_1_1.ini -> C:\Users\guiga\Downloads\Outros\Message_17_1_1_1.ini
2026-02-14 17:05:40,435 | INFO | Movido: C:\Users\guiga\Downloads\Outros\Message_18_1_1.ini -> C:\Users\guiga\Downloads\Outros\Message_18_1_1_1.ini
2026-02-14 17:05:40,435 | INFO | Movido: C:\Users\guiga\Downloads\Outros\Message_19_1_1.ini -> C:\Users\guiga\Downloads\Outros\Message_19_1_1_1.ini
2026-02-14 17:05:40,435 | INFO | Movido: C:\Users\guiga\Downloads\Outros\Message_1_1_1.ini -> C:\Users\guiga\Downloads\Outros\Message_1_1_1_1.ini
2026-02-14 17:05:40,440 | INFO | Movido: C:\Users\guiga\Downloads\Outros\Message_20_1_1.ini -> C:\Users\guiga\Downloads\Outros\Message_20_1_1_1.ini
2026-02-14 17:05:40,442 | INFO | Movido: C:\Users\guiga\Downloads\Outros\Message_21_1_1.ini -> C:\Users\guiga\Downloads\Outros\Message_21_1_1_1.ini
2026-02-14 17:05:40,443 | INFO | Movido: C:\Users\guiga\Downloads\Outros\Message_22_1_1.ini -> C:\Users\guiga\Downloads\Outros\Message_22_1_1_1.ini
2026-02-14 17:05:40,445 | INFO | Movido: C:\Users\guiga\Downloads\Outros\Message_23_1_1.ini -> C:\Users\guiga\Downloads\Outros\Message_23_1_1_1.ini
2026-02-14 17:05:40,446 | INFO | Movido: C:\Users\guiga\Downloads\Outros\Message_24_1_1.ini -> C:\Users\guiga\Downloads\Outros\Message_24_1_1_1.ini
2026-02-14 17:05:40,447 | INFO | Movido: C:\Users\guiga\Downloads\Outros\Message_25_1_1.ini -> C:\Users\guiga\Downloads\Outros\Message_25_1_1_1.ini
2026-02-14 17:05:40,447 | INFO | Movido: C:\Users\guiga\Downloads\Outros\Message_26_1_1.ini -> C:\Users\guiga\Downloads\Outros\Message_26_1_1_1.ini
2026-02-14 17:05:40,447 | INFO | Movido: C:\Users\guiga\Downloads\Outros\Message_27_1_1.ini -> C:\Users\guiga\Downloads\Outros\Message_27_1_1_1.ini
2026-02-14 17:05:40,447 | INFO | Movido: C:\Users\guiga\Downloads\Outros\Message_28_1_1.ini -> C:\Users\guiga\Downloads\Outros\Message_28_1_1_1.ini
2026-02-14 17:05:40,455 | INFO | Movido: C:\Users\guiga\Downloads\Outros\Message_29_1_1.ini -> C:\Users\guiga\Downloads\Outros\Message_29_1_1_1.ini
2026-02-14 17:05:40,455 | INFO | Movido: C:\Users\guiga\Downloads\Outros\Message_2_1_1.ini -> C:\Users\guiga\Downloads\Outros\Message_2_1_1_1.ini
2026-02-14 17:05:40,458 | INFO | Movido: C:\Users\guiga\Downloads\Outros\Message_30_1_1.ini -> C:\Users\guiga\Downloads\Outros\Message_30_1_1_1.ini
2026-02-14 17:05:40,459 | INFO | Movido: C:\Users\guiga\Downloads\Outros\Message_31_1_1.ini -> C:\Users\guiga\Downloads\Outros\Message_31_1_1_1.ini
2026-02-14 17:05:40,462 | INFO | Movido: C:\Users\guiga\Downloads\Outros\Message_32_1_1.ini -> C:\Users\guiga\Downloads\Outros\Message_32_1_1_1.ini
2026-02-14 17:05:40,463 | INFO | Movido: C:\Users\guiga\Downloads\Outros\Message_33_1_1.ini -> C:\Users\guiga\Downloads\Outros\Message_33_1_1_1.ini
2026-02-14 17:05:40,466 | INFO | Movido: C:\Users\guiga\Downloads\Outros\Message_34_1.ini -> C:\Users\guiga\Downloads\Outros\Message_34_1_1.ini
2026-02-14 17:05:40,467 | INFO | Movido: C:\Users\guiga\Downloads\Outros\Message_3_1_1.ini -> C:\Users\guiga\Downloads\Outros\Message_3_1_1_1.ini
2026-02-14 17:05:40,467 | INFO | Movido: C:\Users\guiga\Downloads\Outros\Message_4_1_1.ini -> C:\Users\guiga\Downloads\Outros\Message_4_1_1_1.ini
2026-02-14 17:05:40,467 | INFO | Movido: C:\Users\guiga\Downloads\Outros\Message_5_1_1.ini -> C:\Users\guiga\Downloads\Outros\Message_5_1_1_1.ini
2026-02-14 17:05:40,467 | INFO | Movido: C:\Users\guiga\Downloads\Outros\Message_6_1_1.ini -> C:\Users\guiga\Downloads\Outros\Message_6_1_1_1.ini
2026-02-14 17:05:40,467 | INFO | Movido: C:\Users\guiga\Downloads\Outros\Message_7_1_1.ini -> C:\Users\guiga\Downloads\Outros\Message_7_1_1_1.ini
2026-02-14 17:05:40,476 | INFO | Movido: C:\Users\guiga\Downloads\Outros\Message_8_1_1.ini -> C:\Users\guiga\Downloads\Outros\Message_8_1_1_1.ini
2026-02-14 17:05:40,477 | INFO | Movido: C:\Users\guiga\Downloads\Outros\Message_9_1_1.ini -> C:\Users\guiga\Downloads\Outros\Message_9_1_1_1.ini
2026-02-14 17:05:40,479 | INFO | Movido: C:\Users\guiga\Downloads\Outros\Microsoft.Bcl.AsyncInterfaces_1_1_1_1.dll -> C:\Users\guiga\Downloads\Outros\Microsoft.Bcl.AsyncInterfaces_1_1_1_1_1.dll
2026-02-14 17:05:40,481 | INFO | Movido: C:\Users\guiga\Downloads\Outros\Microsoft.Expression.Interactions_1_1_1_1.dll -> C:\Users\guiga\Downloads\Outros\Microsoft.Expression.Interactions_1_1_1_1_1.dll
2026-02-14 17:05:40,481 | INFO | Movido: C:\Users\guiga\Downloads\Outros\Microsoft.Win32.Primitives_1_1_1_1.dll -> C:\Users\guiga\Downloads\Outros\Microsoft.Win32.Primitives_1_1_1_1_1.dll
2026-02-14 17:05:40,485 | INFO | Movido: C:\Users\guiga\Downloads\Outros\msetup4_1_1.ini -> C:\Users\guiga\Downloads\Outros\msetup4_1_1_1.ini
2026-02-14 17:05:40,485 | INFO | Movido: C:\Users\guiga\Downloads\Outros\MSETUP_1_1.checksum -> C:\Users\guiga\Downloads\Outros\MSETUP_1_1_1.checksum
2026-02-14 17:05:40,485 | INFO | Movido: C:\Users\guiga\Downloads\Outros\Módulo if - Aula 01 (1)_1_1_1_1.ipynb -> C:\Users\guiga\Downloads\Outros\Módulo if - Aula 01 (1)_1_1_1_1_1.ipynb
2026-02-14 17:05:40,485 | INFO | Movido: C:\Users\guiga\Downloads\Outros\Módulo if - Aula 01_1_1_1_1.ipynb -> C:\Users\guiga\Downloads\Outros\Módulo if - Aula 01_1_1_1_1_1.ipynb
2026-02-14 17:05:40,485 | INFO | Movido: C:\Users\guiga\Downloads\Outros\Módulo if - Aula 05_1_1_1_1.ipynb -> C:\Users\guiga\Downloads\Outros\Módulo if - Aula 05_1_1_1_1_1.ipynb
2026-02-14 17:05:40,485 | INFO | Movido: C:\Users\guiga\Downloads\Outros\netstandard_1_1_1_1.dll -> C:\Users\guiga\Downloads\Outros\netstandard_1_1_1_1_1.dll
2026-02-14 17:05:40,494 | INFO | Movido: C:\Users\guiga\Downloads\Outros\notice_1_1 -> C:\Users\guiga\Downloads\Outros\notice_1_1_1
2026-02-14 17:05:40,496 | INFO | Movido: C:\Users\guiga\Downloads\Outros\numpy_01_arrays_1_1_1_1.ipynb -> C:\Users\guiga\Downloads\Outros\numpy_01_arrays_1_1_1_1_1.ipynb
2026-02-14 17:05:40,497 | INFO | Movido: C:\Users\guiga\Downloads\Outros\numpy_01_arrays_vazio_1_1_1_1.ipynb -> C:\Users\guiga\Downloads\Outros\numpy_01_arrays_vazio_1_1_1_1_1.ipynb
2026-02-14 17:05:40,497 | INFO | Movido: C:\Users\guiga\Downloads\Outros\Não confirmado 432593_1_1_1_1.crdownload -> C:\Users\guiga\Downloads\Outros\Não confirmado 432593_1_1_1_1_1.crdownload
2026-02-14 17:05:40,497 | INFO | Movido: C:\Users\guiga\Downloads\Outros\OfficeRibbonXEditor.exe_1_1_1_1.config -> C:\Users\guiga\Downloads\Outros\OfficeRibbonXEditor.exe_1_1_1_1_1.config
2026-02-14 17:05:40,497 | INFO | Movido: C:\Users\guiga\Downloads\Outros\OfficeRibbonXEditor.resources_1_1_1.dll -> C:\Users\guiga\Downloads\Outros\OfficeRibbonXEditor.resources_1_1_1_1.dll
2026-02-14 17:05:40,506 | INFO | Movido: C:\Users\guiga\Downloads\Outros\OfficeRibbonXEditor.resources_2_1_1.dll -> C:\Users\guiga\Downloads\Outros\OfficeRibbonXEditor.resources_2_1_1_1.dll
2026-02-14 17:05:40,507 | INFO | Movido: C:\Users\guiga\Downloads\Outros\OfficeRibbonXEditor.resources_3_1_1.dll -> C:\Users\guiga\Downloads\Outros\OfficeRibbonXEditor.resources_3_1_1_1.dll
2026-02-14 17:05:40,509 | INFO | Movido: C:\Users\guiga\Downloads\Outros\OfficeRibbonXEditor.resources_4_1_1.dll -> C:\Users\guiga\Downloads\Outros\OfficeRibbonXEditor.resources_4_1_1_1.dll
2026-02-14 17:05:40,511 | INFO | Movido: C:\Users\guiga\Downloads\Outros\OfficeRibbonXEditor.resources_5_1.dll -> C:\Users\guiga\Downloads\Outros\OfficeRibbonXEditor.resources_5_1_1.dll
2026-02-14 17:05:40,511 | INFO | Movido: C:\Users\guiga\Downloads\Outros\OfficeRibbonXEditor_1_1_1_1.pdb -> C:\Users\guiga\Downloads\Outros\OfficeRibbonXEditor_1_1_1_1_1.pdb
2026-02-14 17:05:40,514 | INFO | Movido: C:\Users\guiga\Downloads\Outros\package_1_1.json -> C:\Users\guiga\Downloads\Outros\package_1_1_1.json
2026-02-14 17:05:40,515 | INFO | Movido: C:\Users\guiga\Downloads\Outros\panel_1_1.css -> C:\Users\guiga\Downloads\Outros\panel_1_1_1.css
2026-02-14 17:05:40,515 | INFO | Movido: C:\Users\guiga\Downloads\Outros\Pense em Python -- Allen B_ Downey -- 2022 -- Novatec Editora -- 9788575225080 -- d3db4ccd847b094b186771b7068b02fa -- Anna’s Archive_1_1_1_1.mobi -> C:\Users\guiga\Downloads\Outros\Pense em Python -- Allen B_ Downey -- 2022 -- Novatec Editora -- 9788575225080 -- d3db4ccd847b094b186771b7068b02fa -- Anna’s Archive_1_1_1_1_1.mobi
2026-02-14 17:05:40,515 | INFO | Movido: C:\Users\guiga\Downloads\Outros\pirataria_1_1_1_1.gdt -> C:\Users\guiga\Downloads\Outros\pirataria_1_1_1_1_1.gdt
2026-02-14 17:05:40,520 | INFO | Movido: C:\Users\guiga\Downloads\Outros\PKG-00_1_1_1.toc -> C:\Users\guiga\Downloads\Outros\PKG-00_1_1_1_1.toc
2026-02-14 17:05:40,520 | INFO | Movido: C:\Users\guiga\Downloads\Outros\PKG-00_2_1.toc -> C:\Users\guiga\Downloads\Outros\PKG-00_2_1_1.toc
2026-02-14 17:05:40,525 | INFO | Movido: C:\Users\guiga\Downloads\Outros\prbd-bfd1863f.js_1_1.download -> C:\Users\guiga\Downloads\Outros\prbd-bfd1863f.js_1_1_1.download
2026-02-14 17:05:40,526 | INFO | Movido: C:\Users\guiga\Downloads\Outros\ProgressAnime_1_1.xml -> C:\Users\guiga\Downloads\Outros\ProgressAnime_1_1_1.xml
2026-02-14 17:05:40,528 | INFO | Movido: C:\Users\guiga\Downloads\Outros\Projeto_Python_Data_Science_1_1_1_1.ipynb -> C:\Users\guiga\Downloads\Outros\Projeto_Python_Data_Science_1_1_1_1_1.ipynb
2026-02-14 17:05:40,529 | INFO | Movido: C:\Users\guiga\Downloads\Outros\pyimod01_archive_1_1_1.pyc -> C:\Users\guiga\Downloads\Outros\pyimod01_archive_1_1_1_1.pyc
2026-02-14 17:05:40,531 | INFO | Movido: C:\Users\guiga\Downloads\Outros\pyimod01_archive_2_1.pyc -> C:\Users\guiga\Downloads\Outros\pyimod01_archive_2_1_1.pyc
2026-02-14 17:05:40,531 | INFO | Movido: C:\Users\guiga\Downloads\Outros\pyimod02_importers_1_1_1.pyc -> C:\Users\guiga\Downloads\Outros\pyimod02_importers_1_1_1_1.pyc
2026-02-14 17:05:40,535 | INFO | Movido: C:\Users\guiga\Downloads\Outros\pyimod02_importers_2_1.pyc -> C:\Users\guiga\Downloads\Outros\pyimod02_importers_2_1_1.pyc
2026-02-14 17:05:40,535 | INFO | Movido: C:\Users\guiga\Downloads\Outros\pyimod03_ctypes_1_1_1.pyc -> C:\Users\guiga\Downloads\Outros\pyimod03_ctypes_1_1_1_1.pyc
2026-02-14 17:05:40,535 | INFO | Movido: C:\Users\guiga\Downloads\Outros\pyimod03_ctypes_2_1.pyc -> C:\Users\guiga\Downloads\Outros\pyimod03_ctypes_2_1_1.pyc
2026-02-14 17:05:40,541 | INFO | Movido: C:\Users\guiga\Downloads\Outros\pyimod04_pywin32_1_1_1.pyc -> C:\Users\guiga\Downloads\Outros\pyimod04_pywin32_1_1_1_1.pyc
2026-02-14 17:05:40,542 | INFO | Movido: C:\Users\guiga\Downloads\Outros\pyimod04_pywin32_2_1.pyc -> C:\Users\guiga\Downloads\Outros\pyimod04_pywin32_2_1_1.pyc
2026-02-14 17:05:40,544 | INFO | Movido: C:\Users\guiga\Downloads\Outros\Python e Excel-Copy1_1_1_1_1.ipynb -> C:\Users\guiga\Downloads\Outros\Python e Excel-Copy1_1_1_1_1_1.ipynb
2026-02-14 17:05:40,545 | INFO | Movido: C:\Users\guiga\Downloads\Outros\Python e SQL 01_1_1_1_1.ipynb -> C:\Users\guiga\Downloads\Outros\Python e SQL 01_1_1_1_1_1.ipynb
2026-02-14 17:05:40,548 | INFO | Movido: C:\Users\guiga\Downloads\Outros\Python para Análise de Dados - 3a edição -- McKinney, Wes -- null, null, 2023 -- Novatec Editora -- 290e5d117e2cc3e1c17dd0661fcc6559 -- Anna’s Archive_1_1_1_1.epub -> C:\Users\guiga\Downloads\Outros\Python para Análise de Dados - 3a edição -- McKinney, Wes -- null, null, 2023 -- Novatec Editora -- 290e5d117e2cc3e1c17dd0661fcc6559 -- Anna’s Archive_1_1_1_1_1.epub
2026-02-14 17:05:40,548 | INFO | Movido: C:\Users\guiga\Downloads\Outros\Python para exe 04_V2_1_1_1_1.ipynb -> C:\Users\guiga\Downloads\Outros\Python para exe 04_V2_1_1_1_1_1.ipynb
2026-02-14 17:05:40,548 | INFO | Movido: C:\Users\guiga\Downloads\Outros\PYZ-00_1_1_1.pyz -> C:\Users\guiga\Downloads\Outros\PYZ-00_1_1_1_1.pyz
2026-02-14 17:05:40,548 | INFO | Movido: C:\Users\guiga\Downloads\Outros\PYZ-00_1_1_1.toc -> C:\Users\guiga\Downloads\Outros\PYZ-00_1_1_1_1.toc
2026-02-14 17:05:40,548 | INFO | Movido: C:\Users\guiga\Downloads\Outros\PYZ-00_2_1.pyz -> C:\Users\guiga\Downloads\Outros\PYZ-00_2_1_1.pyz
2026-02-14 17:05:40,555 | INFO | Movido: C:\Users\guiga\Downloads\Outros\PYZ-00_2_1.toc -> C:\Users\guiga\Downloads\Outros\PYZ-00_2_1_1.toc
2026-02-14 17:05:40,555 | INFO | Movido: C:\Users\guiga\Downloads\Outros\README_1_1.md -> C:\Users\guiga\Downloads\Outros\README_1_1_1.md
2026-02-14 17:05:40,558 | INFO | Movido: C:\Users\guiga\Downloads\Outros\Redes de Computadores 6a Edição -- Tanenbaum, Andrew & Feamster, Nick & Wetherall, David -- 2021 -- Bookman e Pearson -- 9788582605615 -- 3c76a5143d22e428890e8fa9a03075c7 -- Anna’s Archive_1.epub -> C:\Users\guiga\Downloads\Outros\Redes de Computadores 6a Edição -- Tanenbaum, Andrew & Feamster, Nick & Wetherall, David -- 2021 -- Bookman e Pearson -- 9788582605615 -- 3c76a5143d22e428890e8fa9a03075c7 -- Anna’s Archive_1_1.epub
2026-02-14 17:05:40,560 | INFO | Movido: C:\Users\guiga\Downloads\Outros\Remuneração de Servidores(as) - Junho 2024_1_1.ods -> C:\Users\guiga\Downloads\Outros\Remuneração de Servidores(as) - Junho 2024_1_1_1.ods
2026-02-14 17:05:40,561 | INFO | Movido: C:\Users\guiga\Downloads\Outros\RES0001_1_1.dll -> C:\Users\guiga\Downloads\Outros\RES0001_1_1_1.dll
2026-02-14 17:05:40,561 | INFO | Movido: C:\Users\guiga\Downloads\Outros\RES0002_1_1.dll -> C:\Users\guiga\Downloads\Outros\RES0002_1_1_1.dll
2026-02-14 17:05:40,566 | INFO | Movido: C:\Users\guiga\Downloads\Outros\RES0005_1_1.dll -> C:\Users\guiga\Downloads\Outros\RES0005_1_1_1.dll
2026-02-14 17:05:40,567 | INFO | Movido: C:\Users\guiga\Downloads\Outros\RES0006_1_1.dll -> C:\Users\guiga\Downloads\Outros\RES0006_1_1_1.dll
2026-02-14 17:05:40,569 | INFO | Movido: C:\Users\guiga\Downloads\Outros\RES0007_1_1.dll -> C:\Users\guiga\Downloads\Outros\RES0007_1_1_1.dll
2026-02-14 17:05:40,570 | INFO | Movido: C:\Users\guiga\Downloads\Outros\RES0008_1_1.dll -> C:\Users\guiga\Downloads\Outros\RES0008_1_1_1.dll
2026-02-14 17:05:40,572 | INFO | Movido: C:\Users\guiga\Downloads\Outros\RES0009_1_1.dll -> C:\Users\guiga\Downloads\Outros\RES0009_1_1_1.dll
2026-02-14 17:05:40,572 | INFO | Movido: C:\Users\guiga\Downloads\Outros\RES000a_1_1.dll -> C:\Users\guiga\Downloads\Outros\RES000a_1_1_1.dll
2026-02-14 17:05:40,576 | INFO | Movido: C:\Users\guiga\Downloads\Outros\RES000b_1_1.dll -> C:\Users\guiga\Downloads\Outros\RES000b_1_1_1.dll
2026-02-14 17:05:40,577 | INFO | Movido: C:\Users\guiga\Downloads\Outros\RES000c_1_1.dll -> C:\Users\guiga\Downloads\Outros\RES000c_1_1_1.dll
2026-02-14 17:05:40,578 | INFO | Movido: C:\Users\guiga\Downloads\Outros\RES000e_1_1.dll -> C:\Users\guiga\Downloads\Outros\RES000e_1_1_1.dll
2026-02-14 17:05:40,578 | INFO | Movido: C:\Users\guiga\Downloads\Outros\RES0010_1_1.dll -> C:\Users\guiga\Downloads\Outros\RES0010_1_1_1.dll
2026-02-14 17:05:40,581 | INFO | Movido: C:\Users\guiga\Downloads\Outros\RES0011_1_1.dll -> C:\Users\guiga\Downloads\Outros\RES0011_1_1_1.dll
2026-02-14 17:05:40,581 | INFO | Movido: C:\Users\guiga\Downloads\Outros\RES0012_1_1.dll -> C:\Users\guiga\Downloads\Outros\RES0012_1_1_1.dll
2026-02-14 17:05:40,585 | INFO | Movido: C:\Users\guiga\Downloads\Outros\RES0013_1_1.dll -> C:\Users\guiga\Downloads\Outros\RES0013_1_1_1.dll
2026-02-14 17:05:40,585 | INFO | Movido: C:\Users\guiga\Downloads\Outros\RES0014_1_1.dll -> C:\Users\guiga\Downloads\Outros\RES0014_1_1_1.dll
2026-02-14 17:05:40,590 | INFO | Movido: C:\Users\guiga\Downloads\Outros\RES0015_1_1.dll -> C:\Users\guiga\Downloads\Outros\RES0015_1_1_1.dll
2026-02-14 17:05:40,591 | INFO | Movido: C:\Users\guiga\Downloads\Outros\RES0016_1_1.dll -> C:\Users\guiga\Downloads\Outros\RES0016_1_1_1.dll
2026-02-14 17:05:40,594 | INFO | Movido: C:\Users\guiga\Downloads\Outros\RES0018_1_1.dll -> C:\Users\guiga\Downloads\Outros\RES0018_1_1_1.dll
2026-02-14 17:05:40,595 | INFO | Movido: C:\Users\guiga\Downloads\Outros\RES0019_1_1.dll -> C:\Users\guiga\Downloads\Outros\RES0019_1_1_1.dll
2026-02-14 17:05:40,598 | INFO | Movido: C:\Users\guiga\Downloads\Outros\RES001a_1_1.dll -> C:\Users\guiga\Downloads\Outros\RES001a_1_1_1.dll
2026-02-14 17:05:40,598 | INFO | Movido: C:\Users\guiga\Downloads\Outros\RES001b_1_1.dll -> C:\Users\guiga\Downloads\Outros\RES001b_1_1_1.dll
2026-02-14 17:05:40,598 | INFO | Movido: C:\Users\guiga\Downloads\Outros\RES001d_1_1.dll -> C:\Users\guiga\Downloads\Outros\RES001d_1_1_1.dll
2026-02-14 17:05:40,598 | INFO | Movido: C:\Users\guiga\Downloads\Outros\RES001e_1_1.dll -> C:\Users\guiga\Downloads\Outros\RES001e_1_1_1.dll
2026-02-14 17:05:40,605 | INFO | Movido: C:\Users\guiga\Downloads\Outros\RES001f_1_1.dll -> C:\Users\guiga\Downloads\Outros\RES001f_1_1_1.dll
2026-02-14 17:05:40,607 | INFO | Movido: C:\Users\guiga\Downloads\Outros\RES0021_1_1.dll -> C:\Users\guiga\Downloads\Outros\RES0021_1_1_1.dll
2026-02-14 17:05:40,609 | INFO | Movido: C:\Users\guiga\Downloads\Outros\RES0022_1_1.dll -> C:\Users\guiga\Downloads\Outros\RES0022_1_1_1.dll
2026-02-14 17:05:40,610 | INFO | Movido: C:\Users\guiga\Downloads\Outros\RES0024_1_1.dll -> C:\Users\guiga\Downloads\Outros\RES0024_1_1_1.dll
2026-02-14 17:05:40,611 | INFO | Movido: C:\Users\guiga\Downloads\Outros\RES0025_1_1.dll -> C:\Users\guiga\Downloads\Outros\RES0025_1_1_1.dll
2026-02-14 17:05:40,614 | INFO | Movido: C:\Users\guiga\Downloads\Outros\RES0026_1_1.dll -> C:\Users\guiga\Downloads\Outros\RES0026_1_1_1.dll
2026-02-14 17:05:40,615 | INFO | Movido: C:\Users\guiga\Downloads\Outros\RES0027_1_1.dll -> C:\Users\guiga\Downloads\Outros\RES0027_1_1_1.dll
2026-02-14 17:05:40,615 | INFO | Movido: C:\Users\guiga\Downloads\Outros\RES002a_1_1.dll -> C:\Users\guiga\Downloads\Outros\RES002a_1_1_1.dll
2026-02-14 17:05:40,615 | INFO | Movido: C:\Users\guiga\Downloads\Outros\RES0104_1_1.dll -> C:\Users\guiga\Downloads\Outros\RES0104_1_1_1.dll
2026-02-14 17:05:40,620 | INFO | Movido: C:\Users\guiga\Downloads\Outros\RES0204_1_1.dll -> C:\Users\guiga\Downloads\Outros\RES0204_1_1_1.dll
2026-02-14 17:05:40,620 | INFO | Movido: C:\Users\guiga\Downloads\Outros\rollup-0fa07208_1_1.css -> C:\Users\guiga\Downloads\Outros\rollup-0fa07208_1_1_1.css
2026-02-14 17:05:40,620 | INFO | Movido: C:\Users\guiga\Downloads\Outros\runtime.1accfed9d877daa3ed8b.js_1_1.download -> C:\Users\guiga\Downloads\Outros\runtime.1accfed9d877daa3ed8b.js_1_1_1.download
2026-02-14 17:05:40,625 | INFO | Movido: C:\Users\guiga\Downloads\Outros\r_70000_1_1_1_1.torrent -> C:\Users\guiga\Downloads\Outros\r_70000_1_1_1_1_1.torrent
2026-02-14 17:05:40,625 | INFO | Movido: C:\Users\guiga\Downloads\Outros\s.js_1_1.download -> C:\Users\guiga\Downloads\Outros\s.js_1_1_1.download
2026-02-14 17:05:40,628 | INFO | Movido: C:\Users\guiga\Downloads\Outros\Sapiens Uma Breve Historia da H - Yuval Noah Harari_1_1_1_1.epub -> C:\Users\guiga\Downloads\Outros\Sapiens Uma Breve Historia da H - Yuval Noah Harari_1_1_1_1_1.epub
2026-02-14 17:05:40,630 | INFO | Movido: C:\Users\guiga\Downloads\Outros\SciLexer_1_1_1_1.dll -> C:\Users\guiga\Downloads\Outros\SciLexer_1_1_1_1_1.dll
2026-02-14 17:05:40,631 | INFO | Movido: C:\Users\guiga\Downloads\Outros\SciLexer_1_1_1_1.exp -> C:\Users\guiga\Downloads\Outros\SciLexer_1_1_1_1_1.exp
2026-02-14 17:05:40,631 | INFO | Movido: C:\Users\guiga\Downloads\Outros\SciLexer_1_1_1_1.lib -> C:\Users\guiga\Downloads\Outros\SciLexer_1_1_1_1_1.lib
2026-02-14 17:05:40,635 | INFO | Movido: C:\Users\guiga\Downloads\Outros\ScintillaNET.WPF_1_1_1_1.dll -> C:\Users\guiga\Downloads\Outros\ScintillaNET.WPF_1_1_1_1_1.dll
2026-02-14 17:05:40,635 | INFO | Movido: C:\Users\guiga\Downloads\Outros\ScintillaNET_1_1_1_1.dll -> C:\Users\guiga\Downloads\Outros\ScintillaNET_1_1_1_1_1.dll
2026-02-14 17:05:40,640 | INFO | Movido: C:\Users\guiga\Downloads\Outros\SearchAnime_1_1.xml -> C:\Users\guiga\Downloads\Outros\SearchAnime_1_1_1.xml
2026-02-14 17:05:40,642 | INFO | Movido: C:\Users\guiga\Downloads\Outros\Selecionando Elementos Selenium (1)_1_1_1_1.ipynb -> C:\Users\guiga\Downloads\Outros\Selecionando Elementos Selenium (1)_1_1_1_1_1.ipynb
2026-02-14 17:05:40,643 | INFO | Movido: C:\Users\guiga\Downloads\Outros\Selecionando Elementos Selenium (2)_1_1_1_1.ipynb -> C:\Users\guiga\Downloads\Outros\Selecionando Elementos Selenium (2)_1_1_1_1_1.ipynb
2026-02-14 17:05:40,645 | INFO | Movido: C:\Users\guiga\Downloads\Outros\Selecionando Elementos Selenium (3)_1_1_1_1.ipynb -> C:\Users\guiga\Downloads\Outros\Selecionando Elementos Selenium (3)_1_1_1_1_1.ipynb
2026-02-14 17:05:40,648 | INFO | Movido: C:\Users\guiga\Downloads\Outros\Selecionando Elementos Selenium_1_1_1_1.ipynb -> C:\Users\guiga\Downloads\Outros\Selecionando Elementos Selenium_1_1_1_1_1.ipynb
2026-02-14 17:05:40,648 | INFO | Movido: C:\Users\guiga\Downloads\Outros\serialize.min.js_1_1.transferir -> C:\Users\guiga\Downloads\Outros\serialize.min.js_1_1_1.transferir
2026-02-14 17:05:40,648 | INFO | Movido: C:\Users\guiga\Downloads\Outros\smenu_1_1.ini -> C:\Users\guiga\Downloads\Outros\smenu_1_1_1.ini
2026-02-14 17:05:40,648 | INFO | Movido: C:\Users\guiga\Downloads\Outros\SMS_menor_1_1.pkg -> C:\Users\guiga\Downloads\Outros\SMS_menor_1_1_1.pkg
2026-02-14 17:05:40,655 | INFO | Movido: C:\Users\guiga\Downloads\Outros\SMS_menor_1_1_1_1.spec -> C:\Users\guiga\Downloads\Outros\SMS_menor_1_1_1_1_1.spec
2026-02-14 17:05:40,655 | INFO | Movido: C:\Users\guiga\Downloads\Outros\stripe-js-4d55e19d.js_1_1.download -> C:\Users\guiga\Downloads\Outros\stripe-js-4d55e19d.js_1_1_1.download
2026-02-14 17:05:40,659 | INFO | Movido: C:\Users\guiga\Downloads\Outros\struct_1_1_1.pyc -> C:\Users\guiga\Downloads\Outros\struct_1_1_1_1.pyc
2026-02-14 17:05:40,661 | INFO | Movido: C:\Users\guiga\Downloads\Outros\struct_2_1.pyc -> C:\Users\guiga\Downloads\Outros\struct_2_1_1.pyc
2026-02-14 17:05:40,664 | INFO | Movido: C:\Users\guiga\Downloads\Outros\stylex-36b6e58e8d724a955f2f765f0ff1b1d7_1_1.css -> C:\Users\guiga\Downloads\Outros\stylex-36b6e58e8d724a955f2f765f0ff1b1d7_1_1_1.css
2026-02-14 17:05:40,665 | INFO | Movido: C:\Users\guiga\Downloads\Outros\subtitles-en_1_1_1_1.vtt -> C:\Users\guiga\Downloads\Outros\subtitles-en_1_1_1_1_1.vtt
2026-02-14 17:05:40,665 | INFO | Movido: C:\Users\guiga\Downloads\Outros\superagent-5dc9a557.js_1_1.download -> C:\Users\guiga\Downloads\Outros\superagent-5dc9a557.js_1_1_1.download
2026-02-14 17:05:40,665 | INFO | Movido: C:\Users\guiga\Downloads\Outros\System.AppContext_1_1_1_1.dll -> C:\Users\guiga\Downloads\Outros\System.AppContext_1_1_1_1_1.dll
2026-02-14 17:05:40,665 | INFO | Movido: C:\Users\guiga\Downloads\Outros\System.Buffers_1_1_1_1.dll -> C:\Users\guiga\Downloads\Outros\System.Buffers_1_1_1_1_1.dll
2026-02-14 17:05:40,665 | INFO | Movido: C:\Users\guiga\Downloads\Outros\System.Collections.Concurrent_1_1_1_1.dll -> C:\Users\guiga\Downloads\Outros\System.Collections.Concurrent_1_1_1_1_1.dll
2026-02-14 17:05:40,676 | INFO | Movido: C:\Users\guiga\Downloads\Outros\System.Collections.NonGeneric_1_1_1_1.dll -> C:\Users\guiga\Downloads\Outros\System.Collections.NonGeneric_1_1_1_1_1.dll
2026-02-14 17:05:40,677 | INFO | Movido: C:\Users\guiga\Downloads\Outros\System.Collections.Specialized_1_1_1_1.dll -> C:\Users\guiga\Downloads\Outros\System.Collections.Specialized_1_1_1_1_1.dll
2026-02-14 17:05:40,681 | INFO | Movido: C:\Users\guiga\Downloads\Outros\System.Collections_1_1_1_1.dll -> C:\Users\guiga\Downloads\Outros\System.Collections_1_1_1_1_1.dll
2026-02-14 17:05:40,681 | INFO | Movido: C:\Users\guiga\Downloads\Outros\System.ComponentModel.EventBasedAsync_1_1_1_1.dll -> C:\Users\guiga\Downloads\Outros\System.ComponentModel.EventBasedAsync_1_1_1_1_1.dll
2026-02-14 17:05:40,685 | INFO | Movido: C:\Users\guiga\Downloads\Outros\System.ComponentModel.Primitives_1_1_1_1.dll -> C:\Users\guiga\Downloads\Outros\System.ComponentModel.Primitives_1_1_1_1_1.dll
2026-02-14 17:05:40,685 | INFO | Movido: C:\Users\guiga\Downloads\Outros\System.ComponentModel.TypeConverter_1_1_1_1.dll -> C:\Users\guiga\Downloads\Outros\System.ComponentModel.TypeConverter_1_1_1_1_1.dll
2026-02-14 17:05:40,689 | INFO | Movido: C:\Users\guiga\Downloads\Outros\System.ComponentModel_1_1_1_1.dll -> C:\Users\guiga\Downloads\Outros\System.ComponentModel_1_1_1_1_1.dll
2026-02-14 17:05:40,691 | INFO | Movido: C:\Users\guiga\Downloads\Outros\System.Console_1_1_1_1.dll -> C:\Users\guiga\Downloads\Outros\System.Console_1_1_1_1_1.dll
2026-02-14 17:05:40,692 | INFO | Movido: C:\Users\guiga\Downloads\Outros\System.Data.Common_1_1_1_1.dll -> C:\Users\guiga\Downloads\Outros\System.Data.Common_1_1_1_1_1.dll
2026-02-14 17:05:40,695 | INFO | Movido: C:\Users\guiga\Downloads\Outros\System.Diagnostics.Contracts_1_1_1_1.dll -> C:\Users\guiga\Downloads\Outros\System.Diagnostics.Contracts_1_1_1_1_1.dll
2026-02-14 17:05:40,698 | INFO | Movido: C:\Users\guiga\Downloads\Outros\System.Diagnostics.Debug_1_1_1_1.dll -> C:\Users\guiga\Downloads\Outros\System.Diagnostics.Debug_1_1_1_1_1.dll
2026-02-14 17:05:40,698 | INFO | Movido: C:\Users\guiga\Downloads\Outros\System.Diagnostics.DiagnosticSource_1_1_1_1.dll -> C:\Users\guiga\Downloads\Outros\System.Diagnostics.DiagnosticSource_1_1_1_1_1.dll
2026-02-14 17:05:40,698 | INFO | Movido: C:\Users\guiga\Downloads\Outros\System.Diagnostics.FileVersionInfo_1_1_1_1.dll -> C:\Users\guiga\Downloads\Outros\System.Diagnostics.FileVersionInfo_1_1_1_1_1.dll
2026-02-14 17:05:40,698 | INFO | Movido: C:\Users\guiga\Downloads\Outros\System.Diagnostics.Process_1_1_1_1.dll -> C:\Users\guiga\Downloads\Outros\System.Diagnostics.Process_1_1_1_1_1.dll
2026-02-14 17:05:40,705 | INFO | Movido: C:\Users\guiga\Downloads\Outros\System.Diagnostics.StackTrace_1_1_1_1.dll -> C:\Users\guiga\Downloads\Outros\System.Diagnostics.StackTrace_1_1_1_1_1.dll
2026-02-14 17:05:40,709 | INFO | Movido: C:\Users\guiga\Downloads\Outros\System.Diagnostics.TextWriterTraceListener_1_1_1_1.dll -> C:\Users\guiga\Downloads\Outros\System.Diagnostics.TextWriterTraceListener_1_1_1_1_1.dll
2026-02-14 17:05:40,711 | INFO | Movido: C:\Users\guiga\Downloads\Outros\System.Diagnostics.Tools_1_1_1_1.dll -> C:\Users\guiga\Downloads\Outros\System.Diagnostics.Tools_1_1_1_1_1.dll
2026-02-14 17:05:40,713 | INFO | Movido: C:\Users\guiga\Downloads\Outros\System.Diagnostics.TraceSource_1_1_1_1.dll -> C:\Users\guiga\Downloads\Outros\System.Diagnostics.TraceSource_1_1_1_1_1.dll
2026-02-14 17:05:40,715 | INFO | Movido: C:\Users\guiga\Downloads\Outros\System.Diagnostics.Tracing_1_1_1_1.dll -> C:\Users\guiga\Downloads\Outros\System.Diagnostics.Tracing_1_1_1_1_1.dll
2026-02-14 17:05:40,715 | INFO | Movido: C:\Users\guiga\Downloads\Outros\System.Drawing.Primitives_1_1_1_1.dll -> C:\Users\guiga\Downloads\Outros\System.Drawing.Primitives_1_1_1_1_1.dll
2026-02-14 17:05:40,715 | INFO | Movido: C:\Users\guiga\Downloads\Outros\System.Dynamic.Runtime_1_1_1_1.dll -> C:\Users\guiga\Downloads\Outros\System.Dynamic.Runtime_1_1_1_1_1.dll
2026-02-14 17:05:40,715 | INFO | Movido: C:\Users\guiga\Downloads\Outros\System.Globalization.Calendars_1_1_1_1.dll -> C:\Users\guiga\Downloads\Outros\System.Globalization.Calendars_1_1_1_1_1.dll
2026-02-14 17:05:40,715 | INFO | Movido: C:\Users\guiga\Downloads\Outros\System.Globalization.Extensions_1_1_1_1.dll -> C:\Users\guiga\Downloads\Outros\System.Globalization.Extensions_1_1_1_1_1.dll
2026-02-14 17:05:40,725 | INFO | Movido: C:\Users\guiga\Downloads\Outros\System.Globalization_1_1_1_1.dll -> C:\Users\guiga\Downloads\Outros\System.Globalization_1_1_1_1_1.dll
2026-02-14 17:05:40,725 | INFO | Movido: C:\Users\guiga\Downloads\Outros\System.IO.Compression.ZipFile_1_1_1_1.dll -> C:\Users\guiga\Downloads\Outros\System.IO.Compression.ZipFile_1_1_1_1_1.dll
2026-02-14 17:05:40,729 | INFO | Movido: C:\Users\guiga\Downloads\Outros\System.IO.Compression_1_1_1_1.dll -> C:\Users\guiga\Downloads\Outros\System.IO.Compression_1_1_1_1_1.dll
2026-02-14 17:05:40,731 | INFO | Movido: C:\Users\guiga\Downloads\Outros\System.IO.FileSystem.DriveInfo_1_1_1_1.dll -> C:\Users\guiga\Downloads\Outros\System.IO.FileSystem.DriveInfo_1_1_1_1_1.dll
2026-02-14 17:05:40,731 | INFO | Movido: C:\Users\guiga\Downloads\Outros\System.IO.FileSystem.Primitives_1_1_1_1.dll -> C:\Users\guiga\Downloads\Outros\System.IO.FileSystem.Primitives_1_1_1_1_1.dll
2026-02-14 17:05:40,735 | INFO | Movido: C:\Users\guiga\Downloads\Outros\System.IO.FileSystem.Watcher_1_1_1_1.dll -> C:\Users\guiga\Downloads\Outros\System.IO.FileSystem.Watcher_1_1_1_1_1.dll
2026-02-14 17:05:40,735 | INFO | Movido: C:\Users\guiga\Downloads\Outros\System.IO.FileSystem_1_1_1_1.dll -> C:\Users\guiga\Downloads\Outros\System.IO.FileSystem_1_1_1_1_1.dll
2026-02-14 17:05:40,740 | INFO | Movido: C:\Users\guiga\Downloads\Outros\System.IO.IsolatedStorage_1_1_1_1.dll -> C:\Users\guiga\Downloads\Outros\System.IO.IsolatedStorage_1_1_1_1_1.dll
2026-02-14 17:05:40,740 | INFO | Movido: C:\Users\guiga\Downloads\Outros\System.IO.MemoryMappedFiles_1_1_1_1.dll -> C:\Users\guiga\Downloads\Outros\System.IO.MemoryMappedFiles_1_1_1_1_1.dll
2026-02-14 17:05:40,745 | INFO | Movido: C:\Users\guiga\Downloads\Outros\System.IO.Pipes_1_1_1_1.dll -> C:\Users\guiga\Downloads\Outros\System.IO.Pipes_1_1_1_1_1.dll
2026-02-14 17:05:40,746 | INFO | Movido: C:\Users\guiga\Downloads\Outros\System.IO.UnmanagedMemoryStream_1_1_1_1.dll -> C:\Users\guiga\Downloads\Outros\System.IO.UnmanagedMemoryStream_1_1_1_1_1.dll
2026-02-14 17:05:40,748 | INFO | Movido: C:\Users\guiga\Downloads\Outros\System.IO_1_1_1_1.dll -> C:\Users\guiga\Downloads\Outros\System.IO_1_1_1_1_1.dll
2026-02-14 17:05:40,748 | INFO | Movido: C:\Users\guiga\Downloads\Outros\System.Linq.Expressions_1_1_1_1.dll -> C:\Users\guiga\Downloads\Outros\System.Linq.Expressions_1_1_1_1_1.dll
2026-02-14 17:05:40,748 | INFO | Movido: C:\Users\guiga\Downloads\Outros\System.Linq.Parallel_1_1_1_1.dll -> C:\Users\guiga\Downloads\Outros\System.Linq.Parallel_1_1_1_1_1.dll
2026-02-14 17:05:40,755 | INFO | Movido: C:\Users\guiga\Downloads\Outros\System.Linq.Queryable_1_1_1_1.dll -> C:\Users\guiga\Downloads\Outros\System.Linq.Queryable_1_1_1_1_1.dll
2026-02-14 17:05:40,755 | INFO | Movido: C:\Users\guiga\Downloads\Outros\System.Linq_1_1_1_1.dll -> C:\Users\guiga\Downloads\Outros\System.Linq_1_1_1_1_1.dll
2026-02-14 17:05:40,759 | INFO | Movido: C:\Users\guiga\Downloads\Outros\System.Memory_1_1_1_1.dll -> C:\Users\guiga\Downloads\Outros\System.Memory_1_1_1_1_1.dll
2026-02-14 17:05:40,761 | INFO | Movido: C:\Users\guiga\Downloads\Outros\System.Net.Http_1_1_1_1.dll -> C:\Users\guiga\Downloads\Outros\System.Net.Http_1_1_1_1_1.dll
2026-02-14 17:05:40,764 | INFO | Movido: C:\Users\guiga\Downloads\Outros\System.Net.NameResolution_1_1_1_1.dll -> C:\Users\guiga\Downloads\Outros\System.Net.NameResolution_1_1_1_1_1.dll
2026-02-14 17:05:40,765 | INFO | Movido: C:\Users\guiga\Downloads\Outros\System.Net.NetworkInformation_1_1_1_1.dll -> C:\Users\guiga\Downloads\Outros\System.Net.NetworkInformation_1_1_1_1_1.dll
2026-02-14 17:05:40,765 | INFO | Movido: C:\Users\guiga\Downloads\Outros\System.Net.Ping_1_1_1_1.dll -> C:\Users\guiga\Downloads\Outros\System.Net.Ping_1_1_1_1_1.dll
2026-02-14 17:05:40,770 | INFO | Movido: C:\Users\guiga\Downloads\Outros\System.Net.Primitives_1_1_1_1.dll -> C:\Users\guiga\Downloads\Outros\System.Net.Primitives_1_1_1_1_1.dll
2026-02-14 17:05:40,770 | INFO | Movido: C:\Users\guiga\Downloads\Outros\System.Net.Requests_1_1_1_1.dll -> C:\Users\guiga\Downloads\Outros\System.Net.Requests_1_1_1_1_1.dll
2026-02-14 17:05:40,770 | INFO | Movido: C:\Users\guiga\Downloads\Outros\System.Net.Security_1_1_1_1.dll -> C:\Users\guiga\Downloads\Outros\System.Net.Security_1_1_1_1_1.dll
2026-02-14 17:05:40,775 | INFO | Movido: C:\Users\guiga\Downloads\Outros\System.Net.Sockets_1_1_1_1.dll -> C:\Users\guiga\Downloads\Outros\System.Net.Sockets_1_1_1_1_1.dll
2026-02-14 17:05:40,777 | INFO | Movido: C:\Users\guiga\Downloads\Outros\System.Net.WebHeaderCollection_1_1_1_1.dll -> C:\Users\guiga\Downloads\Outros\System.Net.WebHeaderCollection_1_1_1_1_1.dll
2026-02-14 17:05:40,778 | INFO | Movido: C:\Users\guiga\Downloads\Outros\System.Net.WebSockets.Client_1_1_1_1.dll -> C:\Users\guiga\Downloads\Outros\System.Net.WebSockets.Client_1_1_1_1_1.dll
2026-02-14 17:05:40,781 | INFO | Movido: C:\Users\guiga\Downloads\Outros\System.Net.WebSockets_1_1_1_1.dll -> C:\Users\guiga\Downloads\Outros\System.Net.WebSockets_1_1_1_1_1.dll
2026-02-14 17:05:40,781 | INFO | Movido: C:\Users\guiga\Downloads\Outros\System.Numerics.Vectors_1_1_1_1.dll -> C:\Users\guiga\Downloads\Outros\System.Numerics.Vectors_1_1_1_1_1.dll
2026-02-14 17:05:40,785 | INFO | Movido: C:\Users\guiga\Downloads\Outros\System.ObjectModel_1_1_1_1.dll -> C:\Users\guiga\Downloads\Outros\System.ObjectModel_1_1_1_1_1.dll
2026-02-14 17:05:40,785 | INFO | Movido: C:\Users\guiga\Downloads\Outros\System.Reflection.Extensions_1_1_1_1.dll -> C:\Users\guiga\Downloads\Outros\System.Reflection.Extensions_1_1_1_1_1.dll
2026-02-14 17:05:40,790 | INFO | Movido: C:\Users\guiga\Downloads\Outros\System.Reflection.Primitives_1_1_1_1.dll -> C:\Users\guiga\Downloads\Outros\System.Reflection.Primitives_1_1_1_1_1.dll
2026-02-14 17:05:40,790 | INFO | Movido: C:\Users\guiga\Downloads\Outros\System.Reflection_1_1_1_1.dll -> C:\Users\guiga\Downloads\Outros\System.Reflection_1_1_1_1_1.dll
2026-02-14 17:05:40,794 | INFO | Movido: C:\Users\guiga\Downloads\Outros\System.Resources.Extensions_1_1_1_1.dll -> C:\Users\guiga\Downloads\Outros\System.Resources.Extensions_1_1_1_1_1.dll
2026-02-14 17:05:40,796 | INFO | Movido: C:\Users\guiga\Downloads\Outros\System.Resources.Reader_1_1_1_1.dll -> C:\Users\guiga\Downloads\Outros\System.Resources.Reader_1_1_1_1_1.dll
2026-02-14 17:05:40,798 | INFO | Movido: C:\Users\guiga\Downloads\Outros\System.Resources.ResourceManager_1_1_1_1.dll -> C:\Users\guiga\Downloads\Outros\System.Resources.ResourceManager_1_1_1_1_1.dll
2026-02-14 17:05:40,798 | INFO | Movido: C:\Users\guiga\Downloads\Outros\System.Resources.Writer_1_1_1_1.dll -> C:\Users\guiga\Downloads\Outros\System.Resources.Writer_1_1_1_1_1.dll
2026-02-14 17:05:40,798 | INFO | Movido: C:\Users\guiga\Downloads\Outros\System.Runtime.CompilerServices.Unsafe_1_1_1_1.dll -> C:\Users\guiga\Downloads\Outros\System.Runtime.CompilerServices.Unsafe_1_1_1_1_1.dll
2026-02-14 17:05:40,805 | INFO | Movido: C:\Users\guiga\Downloads\Outros\System.Runtime.CompilerServices.VisualC_1_1_1_1.dll -> C:\Users\guiga\Downloads\Outros\System.Runtime.CompilerServices.VisualC_1_1_1_1_1.dll
2026-02-14 17:05:40,807 | INFO | Movido: C:\Users\guiga\Downloads\Outros\System.Runtime.Extensions_1_1_1_1.dll -> C:\Users\guiga\Downloads\Outros\System.Runtime.Extensions_1_1_1_1_1.dll
2026-02-14 17:05:40,808 | INFO | Movido: C:\Users\guiga\Downloads\Outros\System.Runtime.Handles_1_1_1_1.dll -> C:\Users\guiga\Downloads\Outros\System.Runtime.Handles_1_1_1_1_1.dll
2026-02-14 17:05:40,810 | INFO | Movido: C:\Users\guiga\Downloads\Outros\System.Runtime.InteropServices.RuntimeInformation_1_1_1_1.dll -> C:\Users\guiga\Downloads\Outros\System.Runtime.InteropServices.RuntimeInformation_1_1_1_1_1.dll
2026-02-14 17:05:40,812 | INFO | Movido: C:\Users\guiga\Downloads\Outros\System.Runtime.InteropServices_1_1_1_1.dll -> C:\Users\guiga\Downloads\Outros\System.Runtime.InteropServices_1_1_1_1_1.dll
2026-02-14 17:05:40,815 | INFO | Movido: C:\Users\guiga\Downloads\Outros\System.Runtime.Numerics_1_1_1_1.dll -> C:\Users\guiga\Downloads\Outros\System.Runtime.Numerics_1_1_1_1_1.dll
2026-02-14 17:05:40,815 | INFO | Movido: C:\Users\guiga\Downloads\Outros\System.Runtime.Serialization.Formatters_1_1_1_1.dll -> C:\Users\guiga\Downloads\Outros\System.Runtime.Serialization.Formatters_1_1_1_1_1.dll
2026-02-14 17:05:40,815 | INFO | Movido: C:\Users\guiga\Downloads\Outros\System.Runtime.Serialization.Json_1_1_1_1.dll -> C:\Users\guiga\Downloads\Outros\System.Runtime.Serialization.Json_1_1_1_1_1.dll
2026-02-14 17:05:40,820 | INFO | Movido: C:\Users\guiga\Downloads\Outros\System.Runtime.Serialization.Primitives_1_1_1_1.dll -> C:\Users\guiga\Downloads\Outros\System.Runtime.Serialization.Primitives_1_1_1_1_1.dll
2026-02-14 17:05:40,823 | INFO | Movido: C:\Users\guiga\Downloads\Outros\System.Runtime.Serialization.Xml_1_1_1_1.dll -> C:\Users\guiga\Downloads\Outros\System.Runtime.Serialization.Xml_1_1_1_1_1.dll
2026-02-14 17:05:40,825 | INFO | Movido: C:\Users\guiga\Downloads\Outros\System.Runtime_1_1_1_1.dll -> C:\Users\guiga\Downloads\Outros\System.Runtime_1_1_1_1_1.dll
2026-02-14 17:05:40,827 | INFO | Movido: C:\Users\guiga\Downloads\Outros\System.Security.Claims_1_1_1_1.dll -> C:\Users\guiga\Downloads\Outros\System.Security.Claims_1_1_1_1_1.dll
2026-02-14 17:05:40,829 | INFO | Movido: C:\Users\guiga\Downloads\Outros\System.Security.Cryptography.Algorithms_1_1_1_1.dll -> C:\Users\guiga\Downloads\Outros\System.Security.Cryptography.Algorithms_1_1_1_1_1.dll
2026-02-14 17:05:40,831 | INFO | Movido: C:\Users\guiga\Downloads\Outros\System.Security.Cryptography.Csp_1_1_1_1.dll -> C:\Users\guiga\Downloads\Outros\System.Security.Cryptography.Csp_1_1_1_1_1.dll
2026-02-14 17:05:40,835 | INFO | Movido: C:\Users\guiga\Downloads\Outros\System.Security.Cryptography.Encoding_1_1_1_1.dll -> C:\Users\guiga\Downloads\Outros\System.Security.Cryptography.Encoding_1_1_1_1_1.dll
2026-02-14 17:05:40,835 | INFO | Movido: C:\Users\guiga\Downloads\Outros\System.Security.Cryptography.Primitives_1_1_1_1.dll -> C:\Users\guiga\Downloads\Outros\System.Security.Cryptography.Primitives_1_1_1_1_1.dll
2026-02-14 17:05:40,835 | INFO | Movido: C:\Users\guiga\Downloads\Outros\System.Security.Cryptography.X509Certificates_1_1_1_1.dll -> C:\Users\guiga\Downloads\Outros\System.Security.Cryptography.X509Certificates_1_1_1_1_1.dll
2026-02-14 17:05:40,840 | INFO | Movido: C:\Users\guiga\Downloads\Outros\System.Security.Principal_1_1_1_1.dll -> C:\Users\guiga\Downloads\Outros\System.Security.Principal_1_1_1_1_1.dll
2026-02-14 17:05:40,843 | INFO | Movido: C:\Users\guiga\Downloads\Outros\System.Security.SecureString_1_1_1_1.dll -> C:\Users\guiga\Downloads\Outros\System.Security.SecureString_1_1_1_1_1.dll
2026-02-14 17:05:40,844 | INFO | Movido: C:\Users\guiga\Downloads\Outros\System.Text.Encoding.Extensions_1_1_1_1.dll -> C:\Users\guiga\Downloads\Outros\System.Text.Encoding.Extensions_1_1_1_1_1.dll
2026-02-14 17:05:40,846 | INFO | Movido: C:\Users\guiga\Downloads\Outros\System.Text.Encoding_1_1_1_1.dll -> C:\Users\guiga\Downloads\Outros\System.Text.Encoding_1_1_1_1_1.dll
2026-02-14 17:05:40,848 | INFO | Movido: C:\Users\guiga\Downloads\Outros\System.Text.RegularExpressions_1_1_1_1.dll -> C:\Users\guiga\Downloads\Outros\System.Text.RegularExpressions_1_1_1_1_1.dll
2026-02-14 17:05:40,848 | INFO | Movido: C:\Users\guiga\Downloads\Outros\System.Threading.Overlapped_1_1_1_1.dll -> C:\Users\guiga\Downloads\Outros\System.Threading.Overlapped_1_1_1_1_1.dll
2026-02-14 17:05:40,848 | INFO | Movido: C:\Users\guiga\Downloads\Outros\System.Threading.Tasks.Extensions_1_1_1_1.dll -> C:\Users\guiga\Downloads\Outros\System.Threading.Tasks.Extensions_1_1_1_1_1.dll
2026-02-14 17:05:40,848 | INFO | Movido: C:\Users\guiga\Downloads\Outros\System.Threading.Tasks.Parallel_1_1_1_1.dll -> C:\Users\guiga\Downloads\Outros\System.Threading.Tasks.Parallel_1_1_1_1_1.dll
2026-02-14 17:05:40,855 | INFO | Movido: C:\Users\guiga\Downloads\Outros\System.Threading.Tasks_1_1_1_1.dll -> C:\Users\guiga\Downloads\Outros\System.Threading.Tasks_1_1_1_1_1.dll
2026-02-14 17:05:40,855 | INFO | Movido: C:\Users\guiga\Downloads\Outros\System.Threading.ThreadPool_1_1_1_1.dll -> C:\Users\guiga\Downloads\Outros\System.Threading.ThreadPool_1_1_1_1_1.dll
2026-02-14 17:05:40,859 | INFO | Movido: C:\Users\guiga\Downloads\Outros\System.Threading.Thread_1_1_1_1.dll -> C:\Users\guiga\Downloads\Outros\System.Threading.Thread_1_1_1_1_1.dll
2026-02-14 17:05:40,861 | INFO | Movido: C:\Users\guiga\Downloads\Outros\System.Threading.Timer_1_1_1_1.dll -> C:\Users\guiga\Downloads\Outros\System.Threading.Timer_1_1_1_1_1.dll
2026-02-14 17:05:40,862 | INFO | Movido: C:\Users\guiga\Downloads\Outros\System.Threading_1_1_1_1.dll -> C:\Users\guiga\Downloads\Outros\System.Threading_1_1_1_1_1.dll
2026-02-14 17:05:40,865 | INFO | Movido: C:\Users\guiga\Downloads\Outros\System.ValueTuple_1_1_1_1.dll -> C:\Users\guiga\Downloads\Outros\System.ValueTuple_1_1_1_1_1.dll
2026-02-14 17:05:40,865 | INFO | Movido: C:\Users\guiga\Downloads\Outros\System.Windows.Interactivity_1_1_1_1.dll -> C:\Users\guiga\Downloads\Outros\System.Windows.Interactivity_1_1_1_1_1.dll
2026-02-14 17:05:40,865 | INFO | Movido: C:\Users\guiga\Downloads\Outros\System.Xml.ReaderWriter_1_1_1_1.dll -> C:\Users\guiga\Downloads\Outros\System.Xml.ReaderWriter_1_1_1_1_1.dll
2026-02-14 17:05:40,870 | INFO | Movido: C:\Users\guiga\Downloads\Outros\System.Xml.XDocument_1_1_1_1.dll -> C:\Users\guiga\Downloads\Outros\System.Xml.XDocument_1_1_1_1_1.dll
2026-02-14 17:05:40,870 | INFO | Movido: C:\Users\guiga\Downloads\Outros\System.Xml.XmlDocument_1_1_1_1.dll -> C:\Users\guiga\Downloads\Outros\System.Xml.XmlDocument_1_1_1_1_1.dll
2026-02-14 17:05:40,870 | INFO | Movido: C:\Users\guiga\Downloads\Outros\System.Xml.XmlSerializer_1_1_1_1.dll -> C:\Users\guiga\Downloads\Outros\System.Xml.XmlSerializer_1_1_1_1_1.dll
2026-02-14 17:05:40,875 | INFO | Movido: C:\Users\guiga\Downloads\Outros\System.Xml.XPath.XDocument_1_1_1_1.dll -> C:\Users\guiga\Downloads\Outros\System.Xml.XPath.XDocument_1_1_1_1_1.dll
2026-02-14 17:05:40,877 | INFO | Movido: C:\Users\guiga\Downloads\Outros\System.Xml.XPath_1_1_1_1.dll -> C:\Users\guiga\Downloads\Outros\System.Xml.XPath_1_1_1_1_1.dll
2026-02-14 17:05:40,879 | INFO | Movido: C:\Users\guiga\Downloads\Outros\teste_Z_1_1.ipynb -> C:\Users\guiga\Downloads\Outros\teste_Z_1_1_1.ipynb
2026-02-14 17:05:40,881 | INFO | Movido: C:\Users\guiga\Downloads\Outros\TestPrint64_1_1.dll -> C:\Users\guiga\Downloads\Outros\TestPrint64_1_1_1.dll
2026-02-14 17:05:40,881 | INFO | Movido: C:\Users\guiga\Downloads\Outros\TestPrint_1_1.dll -> C:\Users\guiga\Downloads\Outros\TestPrint_1_1_1.dll
2026-02-14 17:05:40,885 | INFO | Movido: C:\Users\guiga\Downloads\Outros\THIRD_PARTY_NOTICES_1_1_1.chromedriver -> C:\Users\guiga\Downloads\Outros\THIRD_PARTY_NOTICES_1_1_1_1.chromedriver
2026-02-14 17:05:40,885 | INFO | Movido: C:\Users\guiga\Downloads\Outros\THIRD_PARTY_NOTICES_2_1.chromedriver -> C:\Users\guiga\Downloads\Outros\THIRD_PARTY_NOTICES_2_1_1.chromedriver
2026-02-14 17:05:40,885 | INFO | Movido: C:\Users\guiga\Downloads\Outros\ubuntu-20.04.1-desktop-amd64_1_1_1_1.iso -> C:\Users\guiga\Downloads\Outros\ubuntu-20.04.1-desktop-amd64_1_1_1_1_1.iso
2026-02-14 17:05:40,885 | INFO | Movido: C:\Users\guiga\Downloads\Outros\ubuntu-20.04.6-desktop-amd64_1_1_1_1.iso -> C:\Users\guiga\Downloads\Outros\ubuntu-20.04.6-desktop-amd64_1_1_1_1_1.iso
2026-02-14 17:05:40,891 | INFO | Movido: C:\Users\guiga\Downloads\Outros\ubuntu-24.04.3-desktop-amd64_1_1.iso -> C:\Users\guiga\Downloads\Outros\ubuntu-24.04.3-desktop-amd64_1_1_1.iso
2026-02-14 17:05:40,892 | INFO | Movido: C:\Users\guiga\Downloads\Outros\ubuntu-24.04.3-desktop-amd64_1_1_1_1.iso -> C:\Users\guiga\Downloads\Outros\ubuntu-24.04.3-desktop-amd64_1_1_1_1_1.iso
2026-02-14 17:05:40,894 | INFO | Movido: C:\Users\guiga\Downloads\Outros\Untitled11 (1)_1_1.ipynb -> C:\Users\guiga\Downloads\Outros\Untitled11 (1)_1_1_1.ipynb
2026-02-14 17:05:40,895 | INFO | Movido: C:\Users\guiga\Downloads\Outros\Untitled11 (2)_1_1.ipynb -> C:\Users\guiga\Downloads\Outros\Untitled11 (2)_1_1_1.ipynb
2026-02-14 17:05:40,897 | INFO | Movido: C:\Users\guiga\Downloads\Outros\Untitled11_1_1.ipynb -> C:\Users\guiga\Downloads\Outros\Untitled11_1_1_1.ipynb
2026-02-14 17:05:40,898 | INFO | Movido: C:\Users\guiga\Downloads\Outros\Untitled8_1_1.ipynb -> C:\Users\guiga\Downloads\Outros\Untitled8_1_1_1.ipynb
2026-02-14 17:05:40,898 | INFO | Movido: C:\Users\guiga\Downloads\Outros\UnZip64_1_1.dll -> C:\Users\guiga\Downloads\Outros\UnZip64_1_1_1.dll
2026-02-14 17:05:40,898 | INFO | Movido: C:\Users\guiga\Downloads\Outros\UnZip_1_1.dll -> C:\Users\guiga\Downloads\Outros\UnZip_1_1_1.dll
2026-02-14 17:05:40,905 | INFO | Movido: C:\Users\guiga\Downloads\Outros\USB_Anime_1_1.xml -> C:\Users\guiga\Downloads\Outros\USB_Anime_1_1_1.xml
2026-02-14 17:05:40,905 | INFO | Movido: C:\Users\guiga\Downloads\Outros\uspapi.js_1_1.download -> C:\Users\guiga\Downloads\Outros\uspapi.js_1_1_1.download
2026-02-14 17:05:40,908 | INFO | Movido: C:\Users\guiga\Downloads\Outros\v1_1_1.7-518 -> C:\Users\guiga\Downloads\Outros\v1_1_1_1.7-518
2026-02-14 17:05:40,910 | INFO | Movido: C:\Users\guiga\Downloads\Outros\vendor1~app.6470964955d882fdfd6f.js_1_1.download -> C:\Users\guiga\Downloads\Outros\vendor1~app.6470964955d882fdfd6f.js_1_1_1.download
2026-02-14 17:05:40,912 | INFO | Movido: C:\Users\guiga\Downloads\Outros\visit_1_1 -> C:\Users\guiga\Downloads\Outros\visit_1_1_1
2026-02-14 17:05:40,914 | INFO | Movido: C:\Users\guiga\Downloads\Outros\Web Scraping com Python – 2ª edição Coletando mais dados da web moderna by Ryan Mitchell (z-lib.org) (1)_1_1_1_1.epub -> C:\Users\guiga\Downloads\Outros\Web Scraping com Python – 2ª edição Coletando mais dados da web moderna by Ryan Mitchell (z-lib.org) (1)_1_1_1_1_1.epub
2026-02-14 17:05:40,915 | INFO | Movido: C:\Users\guiga\Downloads\Outros\Web Scraping com Python – 2ª edição Coletando mais dados da web moderna by Ryan Mitchell (z-lib.org)_1_1_1_1.epub -> C:\Users\guiga\Downloads\Outros\Web Scraping com Python – 2ª edição Coletando mais dados da web moderna by Ryan Mitchell (z-lib.org)_1_1_1_1_1.epub
2026-02-14 17:05:40,915 | INFO | Movido: C:\Users\guiga\Downloads\Outros\WPFLocalizeExtension_1_1_1_1.dll -> C:\Users\guiga\Downloads\Outros\WPFLocalizeExtension_1_1_1_1_1.dll
2026-02-14 17:05:40,915 | INFO | Movido: C:\Users\guiga\Downloads\Outros\XAMLMarkupExtensions_1_1_1_1.dll -> C:\Users\guiga\Downloads\Outros\XAMLMarkupExtensions_1_1_1_1_1.dll
2026-02-14 17:05:40,922 | INFO | Movido: C:\Users\guiga\Downloads\Outros\Xceed.Wpf.AvalonDock.Themes.Aero_1_1_1_1.dll -> C:\Users\guiga\Downloads\Outros\Xceed.Wpf.AvalonDock.Themes.Aero_1_1_1_1_1.dll
2026-02-14 17:05:40,923 | INFO | Movido: C:\Users\guiga\Downloads\Outros\Xceed.Wpf.AvalonDock.Themes.Metro_1_1_1_1.dll -> C:\Users\guiga\Downloads\Outros\Xceed.Wpf.AvalonDock.Themes.Metro_1_1_1_1_1.dll
2026-02-14 17:05:40,925 | INFO | Movido: C:\Users\guiga\Downloads\Outros\Xceed.Wpf.AvalonDock.Themes.VS2010_1_1_1_1.dll -> C:\Users\guiga\Downloads\Outros\Xceed.Wpf.AvalonDock.Themes.VS2010_1_1_1_1_1.dll
2026-02-14 17:05:40,926 | INFO | Movido: C:\Users\guiga\Downloads\Outros\Xceed.Wpf.AvalonDock_1_1_1_1.dll -> C:\Users\guiga\Downloads\Outros\Xceed.Wpf.AvalonDock_1_1_1_1_1.dll
2026-02-14 17:05:40,928 | INFO | Movido: C:\Users\guiga\Downloads\Outros\Xceed.Wpf.Toolkit_1_1_1_1.dll -> C:\Users\guiga\Downloads\Outros\Xceed.Wpf.Toolkit_1_1_1_1_1.dll
2026-02-14 17:05:40,976 | INFO | Movido: C:\Users\guiga\Downloads\Fundamentos de Engenharia de Dados -- Joe Reis, Matt Housley -- 2023 -- Novatec Editora -- 9788575228760 -- 4f6c63c719a64d41fea8b1cad430b899 -- Anna’s Archive.pdf -> C:\Users\guiga\Downloads\Arquivos em PDF\Fundamentos de Engenharia de Dados -- Joe Reis, Matt Housley -- 2023 -- Novatec Editora -- 9788575228760 -- 4f6c63c719a64d41fea8b1cad430b899 -- Anna’s Archive_1.pdf
2026-02-14 17:05:40,976 | INFO | Movido: C:\Users\guiga\Downloads\Organização estruturada de computadores -- Andrew S_ Tanenbaum -- 6_ ed, São Paulo (SP), 2013 -- PEARSON - UNIVERSITARIOS_PROFISSIONAIS_NEGOCIOS -- 9788581435398 -- efc2f85d0397a64ae9311017395e0dab -- Anna’s Archi.pdf -> C:\Users\guiga\Downloads\Arquivos em PDF\Organização estruturada de computadores -- Andrew S_ Tanenbaum -- 6_ ed, São Paulo (SP), 2013 -- PEARSON - UNIVERSITARIOS_PROFISSIONAIS_NEGOCIOS -- 9788581435398 -- efc2f85d0397a64ae9311017395e0dab -- Anna’s Archi.pdf
2026-02-14 17:05:40,982 | INFO | Movido: C:\Users\guiga\Downloads\projeto_backup_documentacao.pdf -> C:\Users\guiga\Downloads\Arquivos em PDF\projeto_backup_documentacao.pdf
2026-02-14 17:05:40,985 | INFO | Resumo | varridos=547 movidos=547 pulados=0 erros=0
